04-26 18:51:43.998 D/GSM     ( 1601): reset the mCregChange =false
04-26 18:51:43.998 D/GSM     ( 1601): reset the mCgregChange =false
04-26 18:51:43.998 D/RILJ    ( 1601): [0845]> GET_NEIGHBORING_CELL_IDS
04-26 18:51:43.998 D/RILC    ( 1367): [0845]> GET_NEIGHBORING_CELL_IDS 
04-26 18:51:43.998 D/HTC_RIL ( 1367): ril_func_get_neighbor_cell():called
04-26 18:51:43.998 D/HTC_RIL ( 1367): (t=1366995104)>> AT+Q3GNCELL\r
04-26 18:51:43.998 D/HTC_RIL ( 1367): TX::> AT+Q3GNCELL\r
04-26 18:51:44.008 D/HTC_RIL ( 1367): RX::> +Q3GNCELL: "00434DA3",27,0\r\n0\r
04-26 18:51:44.008 D/HTC_RIL ( 1367): (t=1366995104)<< +Q3GNCELL: "00434DA3",27,0\r\n0\r
04-26 18:51:44.008 D/RILC    ( 1367): [0845]< GET_NEIGHBORING_CELL_IDS }
04-26 18:51:44.008 D/RILJ    ( 1601): [0845]< GET_NEIGHBORING_CELL_IDS  
04-26 18:51:49.023 D/HTC_RIL ( 1367): RX::> +HTCUCSQ: 15\r\n
04-26 18:51:49.023 D/HTC_RIL ( 1367): (t=1366995109)%% +HTCUCSQ: 15\r\n
04-26 18:51:49.033 D/RILC    ( 1367): [UNSL]< UNSOL_SIGNAL_STRENGTH {[signalStrength=15,bitErrorRate=99,                CDMA_SignalStrength.dbm=-1,CDMA_SignalStrength.ecio=-1,                EVDO_SignalStrength.dbm =-1,EVDO_SignalStrength.ecio=-1,                EVDO_SignalStrength.signalNoiseRatio=0,                ATT_SignalStrength.dbm =-1,ATT_SignalStrength.ecno=-1]}
04-26 18:51:49.033 D/RILJ    ( 1601): [UNSL]< UNSOL_SIGNAL_STRENGTH {15, 99, -1, -1, -1, -1, 0, -1, -1, 0, 0, 0, 0, 0}
04-26 18:52:04.027 D/HTC_RIL ( 1367): RX::> +HTCUCSQ: 14\r\n
04-26 18:52:04.027 D/HTC_RIL ( 1367): (t=1366995124)%% +HTCUCSQ: 14\r\n
04-26 18:52:04.027 D/RILC    ( 1367): [UNSL]< UNSOL_SIGNAL_STRENGTH {[signalStrength=14,bitErrorRate=99,                CDMA_SignalStrength.dbm=-1,CDMA_SignalStrength.ecio=-1,                EVDO_SignalStrength.dbm =-1,EVDO_SignalStrength.ecio=-1,                EVDO_SignalStrength.signalNoiseRatio=0,                ATT_SignalStrength.dbm =-1,ATT_SignalStrength.ecno=-1]}
04-26 18:52:04.027 D/RILJ    ( 1601): [UNSL]< UNSOL_SIGNAL_STRENGTH {14, 99, -1, -1, -1, -1, 0, -1, -1, 0, 0, 0, 0, 0}
04-26 18:52:22.025 D/HTC_RIL ( 1367): RX::> +HTCUCSQ: 15\r\n
04-26 18:52:22.025 D/HTC_RIL ( 1367): (t=1366995142)%% +HTCUCSQ: 15\r\n
04-26 18:52:22.025 D/RILC    ( 1367): [UNSL]< UNSOL_SIGNAL_STRENGTH {[signalStrength=15,bitErrorRate=99,                CDMA_SignalStrength.dbm=-1,CDMA_SignalStrength.ecio=-1,                EVDO_SignalStrength.dbm =-1,EVDO_SignalStrength.ecio=-1,                EVDO_SignalStrength.signalNoiseRatio=0,                ATT_SignalStrength.dbm =-1,ATT_SignalStrength.ecno=-1]}
04-26 18:52:22.025 D/RILJ    ( 1601): [UNSL]< UNSOL_SIGNAL_STRENGTH {15, 99, -1, -1, -1, -1, 0, -1, -1, 0, 0, 0, 0, 0}
04-26 18:52:28.031 D/HTC_RIL ( 1367): RX::> +HTCUCSQ: 14\r\n
04-26 18:52:28.031 D/HTC_RIL ( 1367): (t=1366995148)%% +HTCUCSQ: 14\r\n
04-26 18:52:28.031 D/RILC    ( 1367): [UNSL]< UNSOL_SIGNAL_STRENGTH {[signalStrength=14,bitErrorRate=99,                CDMA_SignalStrength.dbm=-1,CDMA_SignalStrength.ecio=-1,                EVDO_SignalStrength.dbm =-1,EVDO_SignalStrength.ecio=-1,                EVDO_SignalStrength.signalNoiseRatio=0,                ATT_SignalStrength.dbm =-1,ATT_SignalStrength.ecno=-1]}
04-26 18:52:28.031 D/RILJ    ( 1601): [UNSL]< UNSOL_SIGNAL_STRENGTH {14, 99, -1, -1, -1, -1, 0, -1, -1, 0, 0, 0, 0, 0}
04-26 18:52:34.037 D/HTC_RIL ( 1367): RX::> +HTCUCSQ: 15\r\n
04-26 18:52:34.037 D/HTC_RIL ( 1367): (t=1366995154)%% +HTCUCSQ: 15\r\n
04-26 18:52:34.037 D/RILC    ( 1367): [UNSL]< UNSOL_SIGNAL_STRENGTH {[signalStrength=15,bitErrorRate=99,                CDMA_SignalStrength.dbm=-1,CDMA_SignalStrength.ecio=-1,                EVDO_SignalStrength.dbm =-1,EVDO_SignalStrength.ecio=-1,                EVDO_SignalStrength.signalNoiseRatio=0,                ATT_SignalStrength.dbm =-1,ATT_SignalStrength.ecno=-1]}
04-26 18:52:34.037 D/RILJ    ( 1601): [UNSL]< UNSOL_SIGNAL_STRENGTH {15, 99, -1, -1, -1, -1, 0, -1, -1, 0, 0, 0, 0, 0}
04-26 18:52:40.032 D/HTC_RIL ( 1367): RX::> +HTCUCSQ: 14\r\n
04-26 18:52:40.032 D/HTC_RIL ( 1367): (t=1366995160)%% +HTCUCSQ: 14\r\n
04-26 18:52:40.032 D/RILC    ( 1367): [UNSL]< UNSOL_SIGNAL_STRENGTH {[signalStrength=14,bitErrorRate=99,                CDMA_SignalStrength.dbm=-1,CDMA_SignalStrength.ecio=-1,                EVDO_SignalStrength.dbm =-1,EVDO_SignalStrength.ecio=-1,                EVDO_SignalStrength.signalNoiseRatio=0,                ATT_SignalStrength.dbm =-1,ATT_SignalStrength.ecno=-1]}
04-26 18:52:40.032 D/RILJ    ( 1601): [UNSL]< UNSOL_SIGNAL_STRENGTH {14, 99, -1, -1, -1, -1, 0, -1, -1, 0, 0, 0, 0, 0}
04-26 18:52:46.038 D/HTC_RIL ( 1367): RX::> +HTCUCSQ: 15\r\n
04-26 18:52:46.038 D/HTC_RIL ( 1367): (t=1366995166)%% +HTCUCSQ: 15\r\n
04-26 18:52:46.038 D/RILC    ( 1367): [UNSL]< UNSOL_SIGNAL_STRENGTH {[signalStrength=15,bitErrorRate=99,                CDMA_SignalStrength.dbm=-1,CDMA_SignalStrength.ecio=-1,                EVDO_SignalStrength.dbm =-1,EVDO_SignalStrength.ecio=-1,                EVDO_SignalStrength.signalNoiseRatio=0,                ATT_SignalStrength.dbm =-1,ATT_SignalStrength.ecno=-1]}
04-26 18:52:46.038 D/RILJ    ( 1601): [UNSL]< UNSOL_SIGNAL_STRENGTH {15, 99, -1, -1, -1, -1, 0, -1, -1, 0, 0, 0, 0, 0}
04-26 18:52:49.031 D/HTC_RIL ( 1367): RX::> +HTCUCSQ: 14\r\n
04-26 18:52:49.031 D/HTC_RIL ( 1367): (t=1366995169)%% +HTCUCSQ: 14\r\n
04-26 18:52:49.031 D/RILC    ( 1367): [UNSL]< UNSOL_SIGNAL_STRENGTH {[signalStrength=14,bitErrorRate=99,                CDMA_SignalStrength.dbm=-1,CDMA_SignalStrength.ecio=-1,                EVDO_SignalStrength.dbm =-1,EVDO_SignalStrength.ecio=-1,                EVDO_SignalStrength.signalNoiseRatio=0,                ATT_SignalStrength.dbm =-1,ATT_SignalStrength.ecno=-1]}
04-26 18:52:49.031 D/RILJ    ( 1601): [UNSL]< UNSOL_SIGNAL_STRENGTH {14, 99, -1, -1, -1, -1, 0, -1, -1, 0, 0, 0, 0, 0}
04-26 18:52:52.034 D/HTC_RIL ( 1367): RX::> +HTCUCSQ: 15\r\n
04-26 18:52:52.034 D/HTC_RIL ( 1367): (t=1366995172)%% +HTCUCSQ: 15\r\n
04-26 18:52:52.034 D/RILC    ( 1367): [UNSL]< UNSOL_SIGNAL_STRENGTH {[signalStrength=15,bitErrorRate=99,                CDMA_SignalStrength.dbm=-1,CDMA_SignalStrength.ecio=-1,                EVDO_SignalStrength.dbm =-1,EVDO_SignalStrength.ecio=-1,                EVDO_SignalStrength.signalNoiseRatio=0,                ATT_SignalStrength.dbm =-1,ATT_SignalStrength.ecno=-1]}
04-26 18:52:52.034 D/RILJ    ( 1601): [UNSL]< UNSOL_SIGNAL_STRENGTH {15, 99, -1, -1, -1, -1, 0, -1, -1, 0, 0, 0, 0, 0}
04-26 18:52:55.037 D/HTC_RIL ( 1367): RX::> +HTCUCSQ: 14\r\n
04-26 18:52:55.037 D/HTC_RIL ( 1367): (t=1366995175)%% +HTCUCSQ: 14\r\n
04-26 18:52:55.037 D/RILC    ( 1367): [UNSL]< UNSOL_SIGNAL_STRENGTH {[signalStrength=14,bitErrorRate=99,                CDMA_SignalStrength.dbm=-1,CDMA_SignalStrength.ecio=-1,                EVDO_SignalStrength.dbm =-1,EVDO_SignalStrength.ecio=-1,                EVDO_SignalStrength.signalNoiseRatio=0,                ATT_SignalStrength.dbm =-1,ATT_SignalStrength.ecno=-1]}
04-26 18:52:55.037 D/RILJ    ( 1601): [UNSL]< UNSOL_SIGNAL_STRENGTH {14, 99, -1, -1, -1, -1, 0, -1, -1, 0, 0, 0, 0, 0}
04-26 18:53:01.033 D/HTC_RIL ( 1367): RX::> +HTCUCSQ: 15\r\n
04-26 18:53:01.033 D/HTC_RIL ( 1367): (t=1366995181)%% +HTCUCSQ: 15\r\n
04-26 18:53:01.033 D/RILC    ( 1367): [UNSL]< UNSOL_SIGNAL_STRENGTH {[signalStrength=15,bitErrorRate=99,                CDMA_SignalStrength.dbm=-1,CDMA_SignalStrength.ecio=-1,                EVDO_SignalStrength.dbm =-1,EVDO_SignalStrength.ecio=-1,                EVDO_SignalStrength.signalNoiseRatio=0,                ATT_SignalStrength.dbm =-1,ATT_SignalStrength.ecno=-1]}
04-26 18:53:01.033 D/RILJ    ( 1601): [UNSL]< UNSOL_SIGNAL_STRENGTH {15, 99, -1, -1, -1, -1, 0, -1, -1, 0, 0, 0, 0, 0}
04-26 18:53:13.025 D/HTC_RIL ( 1367): RX::> +HTCUCSQ: 13\r\n
04-26 18:53:13.025 D/HTC_RIL ( 1367): (t=1366995193)%% +HTCUCSQ: 13\r\n
04-26 18:53:13.025 D/RILC    ( 1367): [UNSL]< UNSOL_SIGNAL_STRENGTH {[signalStrength=13,bitErrorRate=99,                CDMA_SignalStrength.dbm=-1,CDMA_SignalStrength.ecio=-1,                EVDO_SignalStrength.dbm =-1,EVDO_SignalStrength.ecio=-1,                EVDO_SignalStrength.signalNoiseRatio=0,                ATT_SignalStrength.dbm =-1,ATT_SignalStrength.ecno=-1]}
04-26 18:53:13.025 D/RILJ    ( 1601): [UNSL]< UNSOL_SIGNAL_STRENGTH {13, 99, -1, -1, -1, -1, 0, -1, -1, 0, 0, 0, 0, 0}
04-26 18:54:19.039 D/HTC_RIL ( 1367): RX::> +HTCUCSQ: 12\r\n
04-26 18:54:19.039 D/HTC_RIL ( 1367): (t=1366995259)%% +HTCUCSQ: 12\r\n
04-26 18:54:19.039 D/RILC    ( 1367): [UNSL]< UNSOL_SIGNAL_STRENGTH {[signalStrength=12,bitErrorRate=99,                CDMA_SignalStrength.dbm=-1,CDMA_SignalStrength.ecio=-1,                EVDO_SignalStrength.dbm =-1,EVDO_SignalStrength.ecio=-1,                EVDO_SignalStrength.signalNoiseRatio=0,                ATT_SignalStrength.dbm =-1,ATT_SignalStrength.ecno=-1]}
04-26 18:54:19.039 D/RILJ    ( 1601): [UNSL]< UNSOL_SIGNAL_STRENGTH {12, 99, -1, -1, -1, -1, 0, -1, -1, 0, 0, 0, 0, 0}
04-26 18:54:22.042 D/HTC_RIL ( 1367): RX::> +HTCUCSQ: 13\r\n
04-26 18:54:22.042 D/HTC_RIL ( 1367): (t=1366995262)%% +HTCUCSQ: 13\r\n
04-26 18:54:22.042 D/RILC    ( 1367): [UNSL]< UNSOL_SIGNAL_STRENGTH {[signalStrength=13,bitErrorRate=99,                CDMA_SignalStrength.dbm=-1,CDMA_SignalStrength.ecio=-1,                EVDO_SignalStrength.dbm =-1,EVDO_SignalStrength.ecio=-1,                EVDO_SignalStrength.signalNoiseRatio=0,                ATT_SignalStrength.dbm =-1,ATT_SignalStrength.ecno=-1]}
04-26 18:54:22.042 D/RILJ    ( 1601): [UNSL]< UNSOL_SIGNAL_STRENGTH {13, 99, -1, -1, -1, -1, 0, -1, -1, 0, 0, 0, 0, 0}
04-26 18:54:25.045 D/HTC_RIL ( 1367): RX::> +HTCUCSQ: 12\r\n
04-26 18:54:25.045 D/HTC_RIL ( 1367): (t=1366995265)%% +HTCUCSQ: 12\r\n
04-26 18:54:25.045 D/RILC    ( 1367): [UNSL]< UNSOL_SIGNAL_STRENGTH {[signalStrength=12,bitErrorRate=99,                CDMA_SignalStrength.dbm=-1,CDMA_SignalStrength.ecio=-1,                EVDO_SignalStrength.dbm =-1,EVDO_SignalStrength.ecio=-1,                EVDO_SignalStrength.signalNoiseRatio=0,                ATT_SignalStrength.dbm =-1,ATT_SignalStrength.ecno=-1]}
04-26 18:54:25.045 D/RILJ    ( 1601): [UNSL]< UNSOL_SIGNAL_STRENGTH {12, 99, -1, -1, -1, -1, 0, -1, -1, 0, 0, 0, 0, 0}
04-26 18:54:28.048 D/HTC_RIL ( 1367): RX::> +HTCUCSQ: 13\r\n
04-26 18:54:28.048 D/HTC_RIL ( 1367): (t=1366995268)%% +HTCUCSQ: 13\r\n
04-26 18:54:28.048 D/RILC    ( 1367): [UNSL]< UNSOL_SIGNAL_STRENGTH {[signalStrength=13,bitErrorRate=99,                CDMA_SignalStrength.dbm=-1,CDMA_SignalStrength.ecio=-1,                EVDO_SignalStrength.dbm =-1,EVDO_SignalStrength.ecio=-1,                EVDO_SignalStrength.signalNoiseRatio=0,                ATT_SignalStrength.dbm =-1,ATT_SignalStrength.ecno=-1]}
04-26 18:54:28.048 D/RILJ    ( 1601): [UNSL]< UNSOL_SIGNAL_STRENGTH {13, 99, -1, -1, -1, -1, 0, -1, -1, 0, 0, 0, 0, 0}
04-26 18:54:37.047 D/HTC_RIL ( 1367): RX::> +HTCUCSQ: 12\r\n
04-26 18:54:37.047 D/HTC_RIL ( 1367): (t=1366995277)%% +HTCUCSQ: 12\r\n
04-26 18:54:37.047 D/RILC    ( 1367): [UNSL]< UNSOL_SIGNAL_STRENGTH {[signalStrength=12,bitErrorRate=99,                CDMA_SignalStrength.dbm=-1,CDMA_SignalStrength.ecio=-1,                EVDO_SignalStrength.dbm =-1,EVDO_SignalStrength.ecio=-1,                EVDO_SignalStrength.signalNoiseRatio=0,                ATT_SignalStrength.dbm =-1,ATT_SignalStrength.ecno=-1]}
04-26 18:54:37.047 D/RILJ    ( 1601): [UNSL]< UNSOL_SIGNAL_STRENGTH {12, 99, -1, -1, -1, -1, 0, -1, -1, 0, 0, 0, 0, 0}
04-26 18:54:40.049 D/HTC_RIL ( 1367): RX::> +HTCUCSQ: 13\r\n
04-26 18:54:40.049 D/HTC_RIL ( 1367): (t=1366995280)%% +HTCUCSQ: 13\r\n
04-26 18:54:40.049 D/RILC    ( 1367): [UNSL]< UNSOL_SIGNAL_STRENGTH {[signalStrength=13,bitErrorRate=99,                CDMA_SignalStrength.dbm=-1,CDMA_SignalStrength.ecio=-1,                EVDO_SignalStrength.dbm =-1,EVDO_SignalStrength.ecio=-1,                EVDO_SignalStrength.signalNoiseRatio=0,                ATT_SignalStrength.dbm =-1,ATT_SignalStrength.ecno=-1]}
04-26 18:54:40.049 D/RILJ    ( 1601): [UNSL]< UNSOL_SIGNAL_STRENGTH {13, 99, -1, -1, -1, -1, 0, -1, -1, 0, 0, 0, 0, 0}
04-26 18:54:52.041 D/HTC_RIL ( 1367): RX::> +HTCUCSQ: 12\r\n
04-26 18:54:52.041 D/HTC_RIL ( 1367): (t=1366995292)%% +HTCUCSQ: 12\r\n
04-26 18:54:52.041 D/RILC    ( 1367): [UNSL]< UNSOL_SIGNAL_STRENGTH {[signalStrength=12,bitErrorRate=99,                CDMA_SignalStrength.dbm=-1,CDMA_SignalStrength.ecio=-1,                EVDO_SignalStrength.dbm =-1,EVDO_SignalStrength.ecio=-1,                EVDO_SignalStrength.signalNoiseRatio=0,                ATT_SignalStrength.dbm =-1,ATT_SignalStrength.ecno=-1]}
04-26 18:54:52.041 D/RILJ    ( 1601): [UNSL]< UNSOL_SIGNAL_STRENGTH {12, 99, -1, -1, -1, -1, 0, -1, -1, 0, 0, 0, 0, 0}
04-26 18:54:55.044 D/HTC_RIL ( 1367): RX::> +HTCUCSQ: 13\r\n
04-26 18:54:55.044 D/HTC_RIL ( 1367): (t=1366995295)%% +HTCUCSQ: 13\r\n
04-26 18:54:55.044 D/RILC    ( 1367): [UNSL]< UNSOL_SIGNAL_STRENGTH {[signalStrength=13,bitErrorRate=99,                CDMA_SignalStrength.dbm=-1,CDMA_SignalStrength.ecio=-1,                EVDO_SignalStrength.dbm =-1,EVDO_SignalStrength.ecio=-1,                EVDO_SignalStrength.signalNoiseRatio=0,                ATT_SignalStrength.dbm =-1,ATT_SignalStrength.ecno=-1]}
04-26 18:54:55.044 D/RILJ    ( 1601): [UNSL]< UNSOL_SIGNAL_STRENGTH {13, 99, -1, -1, -1, -1, 0, -1, -1, 0, 0, 0, 0, 0}
04-26 18:55:07.036 D/HTC_RIL ( 1367): RX::> +HTCUCSQ: 14\r\n
04-26 18:55:07.036 D/HTC_RIL ( 1367): (t=1366995307)%% +HTCUCSQ: 14\r\n
04-26 18:55:07.036 D/RILC    ( 1367): [UNSL]< UNSOL_SIGNAL_STRENGTH {[signalStrength=14,bitErrorRate=99,                CDMA_SignalStrength.dbm=-1,CDMA_SignalStrength.ecio=-1,                EVDO_SignalStrength.dbm =-1,EVDO_SignalStrength.ecio=-1,                EVDO_SignalStrength.signalNoiseRatio=0,                ATT_SignalStrength.dbm =-1,ATT_SignalStrength.ecno=-1]}
04-26 18:55:07.036 D/RILJ    ( 1601): [UNSL]< UNSOL_SIGNAL_STRENGTH {14, 99, -1, -1, -1, -1, 0, -1, -1, 0, 0, 0, 0, 0}
04-26 18:55:10.049 D/HTC_RIL ( 1367): RX::> +HTCUCSQ: 13\r\n
04-26 18:55:10.049 D/HTC_RIL ( 1367): (t=1366995310)%% +HTCUCSQ: 13\r\n
04-26 18:55:10.049 D/RILC    ( 1367): [UNSL]< UNSOL_SIGNAL_STRENGTH {[signalStrength=13,bitErrorRate=99,                CDMA_SignalStrength.dbm=-1,CDMA_SignalStrength.ecio=-1,                EVDO_SignalStrength.dbm =-1,EVDO_SignalStrength.ecio=-1,                EVDO_SignalStrength.signalNoiseRatio=0,                ATT_SignalStrength.dbm =-1,ATT_SignalStrength.ecno=-1]}
04-26 18:55:10.049 D/RILJ    ( 1601): [UNSL]< UNSOL_SIGNAL_STRENGTH {13, 99, -1, -1, -1, -1, 0, -1, -1, 0, 0, 0, 0, 0}
04-26 18:55:22.050 D/HTC_RIL ( 1367): RX::> +HTCUCSQ: 14\r\n
04-26 18:55:22.050 D/HTC_RIL ( 1367): (t=1366995322)%% +HTCUCSQ: 14\r\n
04-26 18:55:22.050 D/RILC    ( 1367): [UNSL]< UNSOL_SIGNAL_STRENGTH {[signalStrength=14,bitErrorRate=99,                CDMA_SignalStrength.dbm=-1,CDMA_SignalStrength.ecio=-1,                EVDO_SignalStrength.dbm =-1,EVDO_SignalStrength.ecio=-1,                EVDO_SignalStrength.signalNoiseRatio=0,                ATT_SignalStrength.dbm =-1,ATT_SignalStrength.ecno=-1]}
04-26 18:55:22.050 D/RILJ    ( 1601): [UNSL]< UNSOL_SIGNAL_STRENGTH {14, 99, -1, -1, -1, -1, 0, -1, -1, 0, 0, 0, 0, 0}
04-26 18:55:25.053 D/HTC_RIL ( 1367): RX::> +HTCUCSQ: 13\r\n
04-26 18:55:25.053 D/HTC_RIL ( 1367): (t=1366995325)%% +HTCUCSQ: 13\r\n
04-26 18:55:25.053 D/RILC    ( 1367): [UNSL]< UNSOL_SIGNAL_STRENGTH {[signalStrength=13,bitErrorRate=99,                CDMA_SignalStrength.dbm=-1,CDMA_SignalStrength.ecio=-1,                EVDO_SignalStrength.dbm =-1,EVDO_SignalStrength.ecio=-1,                EVDO_SignalStrength.signalNoiseRatio=0,                ATT_SignalStrength.dbm =-1,ATT_SignalStrength.ecno=-1]}
04-26 18:55:25.053 D/RILJ    ( 1601): [UNSL]< UNSOL_SIGNAL_STRENGTH {13, 99, -1, -1, -1, -1, 0, -1, -1, 0, 0, 0, 0, 0}
04-26 18:55:37.055 D/HTC_RIL ( 1367): RX::> +HTCUCSQ: 14\r\n
04-26 18:55:37.055 D/HTC_RIL ( 1367): (t=1366995337)%% +HTCUCSQ: 14\r\n
04-26 18:55:37.055 D/RILC    ( 1367): [UNSL]< UNSOL_SIGNAL_STRENGTH {[signalStrength=14,bitErrorRate=99,                CDMA_SignalStrength.dbm=-1,CDMA_SignalStrength.ecio=-1,                EVDO_SignalStrength.dbm =-1,EVDO_SignalStrength.ecio=-1,                EVDO_SignalStrength.signalNoiseRatio=0,                ATT_SignalStrength.dbm =-1,ATT_SignalStrength.ecno=-1]}
04-26 18:55:37.055 D/RILJ    ( 1601): [UNSL]< UNSOL_SIGNAL_STRENGTH {14, 99, -1, -1, -1, -1, 0, -1, -1, 0, 0, 0, 0, 0}
04-26 18:55:52.050 D/HTC_RIL ( 1367): RX::> +HTCUCSQ: 13\r\n
04-26 18:55:52.050 D/HTC_RIL ( 1367): (t=1366995352)%% +HTCUCSQ: 13\r\n
04-26 18:55:52.050 D/RILC    ( 1367): [UNSL]< UNSOL_SIGNAL_STRENGTH {[signalStrength=13,bitErrorRate=99,                CDMA_SignalStrength.dbm=-1,CDMA_SignalStrength.ecio=-1,                EVDO_SignalStrength.dbm =-1,EVDO_SignalStrength.ecio=-1,                EVDO_SignalStrength.signalNoiseRatio=0,                ATT_SignalStrength.dbm =-1,ATT_SignalStrength.ecno=-1]}
04-26 18:55:52.050 D/RILJ    ( 1601): [UNSL]< UNSOL_SIGNAL_STRENGTH {13, 99, -1, -1, -1, -1, 0, -1, -1, 0, 0, 0, 0, 0}
04-26 18:55:54.182 D/HTC_RIL ( 1367): RX::> +CREG: 1,"005E","00433691"\r\n
04-26 18:55:54.182 D/HTC_RIL ( 1367): check_phone_mode_change():last_scan_network_type:0
04-26 18:55:54.182 D/HTC_RIL ( 1367): check_phone_mode_change():last_register_network:0
04-26 18:55:54.182 D/HTC_RIL ( 1367): check_phone_mode_change():init network_mode:0
04-26 18:55:54.192 D/HTC_RIL ( 1367): check_phone_mode_change():set the modem type to UMTS
04-26 18:55:54.202 D/RILC    ( 1367): [UNSL]< UNSOL_DATA_NETWORK_STATE_CHANGED 
04-26 18:55:54.202 D/RILJ    ( 1601): [UNSL]< UNSOL_DATA_NETWORK_STATE_CHANGED
04-26 18:55:54.202 D/RILJ    ( 1601): [0846]> OPERATOR
04-26 18:55:54.212 D/RILC    ( 1367): [0846]> OPERATOR 
04-26 18:55:54.212 D/HTC_RIL ( 1367): ril_func_get_curr_operator_name():called
04-26 18:55:54.212 D/HTC_RIL ( 1367): (t=1366995354)>> AT+COPS=3,2;+COPS?\r
04-26 18:55:54.212 D/HTC_RIL ( 1367): TX::> AT+COPS=3,2;+COPS?\r
04-26 18:55:54.212 D/RILJ    ( 1601): [0847]> REGISTRATION_STATE
04-26 18:55:54.212 D/HTC_RIL ( 1367): (t=1366995354)%% +CREG: 1,"005E","00433691"\r\n
04-26 18:55:54.212 D/RILC    ( 1367): [UNSL]< UNSOL_RESPONSE_NETWORK_STATE_CHANGED 
04-26 18:55:54.212 D/RILJ    ( 1601): [UNSL]< UNSOL_RESPONSE_NETWORK_STATE_CHANGED
04-26 18:55:54.212 D/HTC_RIL ( 1367): RX::> +COPS: 0,2,"23802",2\r\n0\r
04-26 18:55:54.212 D/HTC_RIL ( 1367): (t=1366995354)<< +COPS: 0,2,"23802",2\r\n0\r
04-26 18:55:54.212 D/HTC_RIL ( 1367): operator_name_get_by_plmn_num():[ccl]rule: 5
04-26 18:55:54.212 D/HTC_RIL ( 1367): operator_name_get_by_plmn_num():[ccl]long_alpha: Telenor DK
04-26 18:55:54.212 D/HTC_RIL ( 1367): operator_name_get_by_plmn_num():[ccl]short_alpha: (N/A)
04-26 18:55:54.212 D/HTC_RIL ( 1367): operator_name_get_by_plmn_num():[ccl]numeric: 23802
04-26 18:55:54.212 D/HTC_RIL ( 1367): operator_name_get_by_plmn_num():[ccl]priority: 5
04-26 18:55:54.212 D/RILC    ( 1367): [0847]> REGISTRATION_STATE 
04-26 18:55:54.212 D/HTC_RIL ( 1367): ril_func_get_gsm_cdma_reg_state():called
04-26 18:55:54.212 D/RILC    ( 1367): [0846]< OPERATOR {Telenor DK,(N/A),23802,5}
04-26 18:55:54.212 D/HTC_RIL ( 1367): (t=1366995354)>> AT+CREG?\r
04-26 18:55:54.212 D/HTC_RIL ( 1367): TX::> AT+CREG?\r
04-26 18:55:54.212 D/RILJ    ( 1601): [0846]< OPERATOR {Telenor DK, (N/A), 23802, 5}
04-26 18:55:54.212 D/HTC_RIL ( 1367): RX::> +CREG: 2,1,"005E","00433691"\r\n0\r
04-26 18:55:54.212 D/RILJ    ( 1601): [0848]> GPRS_REGISTRATION_STATE
04-26 18:55:54.222 D/HTC_RIL ( 1367): (t=1366995354)<< +CREG: 2,1,"005E","00433691"\r\n0\r
04-26 18:55:54.222 D/HTC_RIL ( 1367): (t=1366995354)>> AT+COPS=3,2;+COPS?\r
04-26 18:55:54.222 D/HTC_RIL ( 1367): TX::> AT+COPS=3,2;+COPS?\r
04-26 18:55:54.222 D/RILC    ( 1367): [0848]> GPRS_REGISTRATION_STATE 
04-26 18:55:54.222 D/HTC_RIL ( 1367): ril_func_get_gprs_reg_state():called
04-26 18:55:54.222 D/HTC_RIL ( 1367): RX::> +COPS: 0,2,"23802",2\r\n0\r
04-26 18:55:54.222 D/HTC_RIL ( 1367): (t=1366995354)<< +COPS: 0,2,"23802",2\r\n0\r
04-26 18:55:54.222 D/RILJ    ( 1601): [0849]> QUERY_NETWORK_SELECTION_MODE
04-26 18:55:54.222 D/RILC    ( 1367): [0847]< REGISTRATION_STATE {1,005E,00433691,3,(null),(null),(null),(null),(null),(null),(null),(null),(null),(null)}
04-26 18:55:54.222 D/RILJ    ( 1601): [0847]< REGISTRATION_STATE {1, 005E, 00433691, 3, null, null, null, null, null, null, null, null, null, null}
04-26 18:55:54.222 D/HTC_RIL ( 1367): (t=1366995354)>> AT+CGREG?\r
04-26 18:55:54.222 D/HTC_RIL ( 1367): TX::> AT+CGREG?\r
04-26 18:55:54.232 D/HTC_RIL ( 1367): RX::> +CGREG: 1,1\r\n0\r
04-26 18:55:54.232 D/HTC_RIL ( 1367): (t=1366995354)<< +CGREG: 1,1\r\n0\r
04-26 18:55:54.232 D/RILC    ( 1367): [0849]> QUERY_NETWORK_SELECTION_MODE 
04-26 18:55:54.232 D/HTC_RIL ( 1367): ril_func_get_network_select_mode():called
04-26 18:55:54.232 D/GSM     ( 1601): rilCregState: 1
04-26 18:55:54.232 D/HTC_RIL ( 1367): (t=1366995354)>> AT+COPS=3,2;+COPS?\r
04-26 18:55:54.232 D/HTC_RIL ( 1367): TX::> AT+COPS=3,2;+COPS?\r
04-26 18:55:54.232 D/GSM     ( 1601): rilCgregState: 1
04-26 18:55:54.232 D/GSM     ( 1601): oldRilCREGState: 0  newRilCREGState: 0
04-26 18:55:54.232 D/HTC_RIL ( 1367): RX::> +COPS: 0,2,"23802",2\r\n0\r
04-26 18:55:54.232 D/HTC_RIL ( 1367): (t=1366995354)<< +COPS: 0,2,"23802",2\r\n0\r
04-26 18:55:54.232 D/GSM     ( 1601): oldRilCGREGState: 0  newRilCGREGState: 0
04-26 18:55:54.232 D/GSM     ( 1601): mCregChange: false  mCgregChange: false
04-26 18:55:54.232 D/RILJ    ( 1601): [0850]> OPERATOR
04-26 18:55:54.232 D/RILC    ( 1367): [0849]< QUERY_NETWORK_SELECTION_MODE {0}
04-26 18:55:54.232 D/HTC_RIL ( 1367): (t=1366995354)>> AT+COPS=3,2;+COPS?\r
04-26 18:55:54.232 D/HTC_RIL ( 1367): TX::> AT+COPS=3,2;+COPS?\r
04-26 18:55:54.232 D/HTC_RIL ( 1367): RX::> +COPS: 0,2,"23802",2\r\n0\r
04-26 18:55:54.232 D/HTC_RIL ( 1367): (t=1366995354)<< +COPS: 0,2,"23802",2\r\n0\r
04-26 18:55:54.232 D/RILJ    ( 1601): [0849]< QUERY_NETWORK_SELECTION_MODE {0}
04-26 18:55:54.232 D/RILC    ( 1367): [0850]> OPERATOR 
04-26 18:55:54.232 D/HTC_RIL ( 1367): ril_func_get_curr_operator_name():called
04-26 18:55:54.242 D/RILC    ( 1367): [0848]< GPRS_REGISTRATION_STATE {1,(null),(null),3}
04-26 18:55:54.242 D/RILJ    ( 1601): [0848]< GPRS_REGISTRATION_STATE {1, null, null, 3}
04-26 18:55:54.242 D/HTC_RIL ( 1367): (t=1366995354)>> AT+COPS=3,2;+COPS?\r
04-26 18:55:54.242 D/HTC_RIL ( 1367): TX::> AT+COPS=3,2;+COPS?\r
04-26 18:55:54.242 D/RILJ    ( 1601): [0851]> REGISTRATION_STATE
04-26 18:55:54.242 D/HTC_RIL ( 1367): RX::> +COPS: 0,2,"23802",2\r\n0\r
04-26 18:55:54.242 D/HTC_RIL ( 1367): (t=1366995354)<< +COPS: 0,2,"23802",2\r\n0\r
04-26 18:55:54.242 D/HTC_RIL ( 1367): operator_name_get_by_plmn_num():[ccl]rule: 5
04-26 18:55:54.242 D/HTC_RIL ( 1367): operator_name_get_by_plmn_num():[ccl]long_alpha: Telenor DK
04-26 18:55:54.242 D/HTC_RIL ( 1367): operator_name_get_by_plmn_num():[ccl]short_alpha: (N/A)
04-26 18:55:54.242 D/HTC_RIL ( 1367): operator_name_get_by_plmn_num():[ccl]numeric: 23802
04-26 18:55:54.242 D/HTC_RIL ( 1367): operator_name_get_by_plmn_num():[ccl]priority: 5
04-26 18:55:54.242 D/RILC    ( 1367): [0851]> REGISTRATION_STATE 
04-26 18:55:54.242 D/HTC_RIL ( 1367): ril_func_get_gsm_cdma_reg_state():called
04-26 18:55:54.242 D/RILC    ( 1367): [0850]< OPERATOR {Telenor DK,(N/A),23802,5}
04-26 18:55:54.242 D/RILJ    ( 1601): [0850]< OPERATOR {Telenor DK, (N/A), 23802, 5}
04-26 18:55:54.242 D/HTC_RIL ( 1367): (t=1366995354)>> AT+CREG?\r
04-26 18:55:54.242 D/HTC_RIL ( 1367): TX::> AT+CREG?\r
04-26 18:55:54.242 D/HTC_RIL ( 1367): RX::> +CREG: 2,1,"005E","00433691"\r\n0\r
04-26 18:55:54.242 D/HTC_RIL ( 1367): (t=1366995354)<< +CREG: 2,1,"005E","00433691"\r\n0\r
04-26 18:55:54.242 D/RILJ    ( 1601): [0852]> GPRS_REGISTRATION_STATE
04-26 18:55:54.252 D/HTC_RIL ( 1367): (t=1366995354)>> AT+COPS=3,2;+COPS?\r
04-26 18:55:54.252 D/HTC_RIL ( 1367): TX::> AT+COPS=3,2;+COPS?\r
04-26 18:55:54.252 D/HTC_RIL ( 1367): RX::> +COPS: 0,2,"23802",2\r\n0\r
04-26 18:55:54.252 D/RILC    ( 1367): [0852]> GPRS_REGISTRATION_STATE 
04-26 18:55:54.252 D/HTC_RIL ( 1367): ril_func_get_gprs_reg_state():called
04-26 18:55:54.252 D/HTC_RIL ( 1367): (t=1366995354)<< +COPS: 0,2,"23802",2\r\n0\r
04-26 18:55:54.252 D/RILJ    ( 1601): [0853]> QUERY_NETWORK_SELECTION_MODE
04-26 18:55:54.252 D/HTC_RIL ( 1367): (t=1366995354)>> AT+CGREG?\r
04-26 18:55:54.252 D/HTC_RIL ( 1367): TX::> AT+CGREG?\r
04-26 18:55:54.252 D/RILC    ( 1367): [0851]< REGISTRATION_STATE {1,005E,00433691,3,(null),(null),(null),(null),(null),(null),(null),(null),(null),(null)}
04-26 18:55:54.252 D/HTC_RIL ( 1367): RX::> +CGREG: 1,1\r\n0\r
04-26 18:55:54.252 D/HTC_RIL ( 1367): (t=1366995354)<< +CGREG: 1,1\r\n0\r
04-26 18:55:54.252 D/RILJ    ( 1601): [0851]< REGISTRATION_STATE {1, 005E, 00433691, 3, null, null, null, null, null, null, null, null, null, null}
04-26 18:55:54.252 D/RILC    ( 1367): [0853]> QUERY_NETWORK_SELECTION_MODE 
04-26 18:55:54.252 D/HTC_RIL ( 1367): ril_func_get_network_select_mode():called
04-26 18:55:54.252 D/HTC_RIL ( 1367): (t=1366995354)>> AT+COPS=3,2;+COPS?\r
04-26 18:55:54.252 D/HTC_RIL ( 1367): TX::> AT+COPS=3,2;+COPS?\r
04-26 18:55:54.252 D/HTC_RIL ( 1367): RX::> +COPS: 0,2,"23802",2\r\n0\r
04-26 18:55:54.262 D/HTC_RIL ( 1367): (t=1366995354)<< +COPS: 0,2,"23802",2\r\n0\r
04-26 18:55:54.262 D/HTC_RIL ( 1367): (t=1366995354)>> AT+COPS=3,2;+COPS?\r
04-26 18:55:54.262 D/HTC_RIL ( 1367): TX::> AT+COPS=3,2;+COPS?\r
04-26 18:55:54.262 D/RILC    ( 1367): [0853]< QUERY_NETWORK_SELECTION_MODE {0}
04-26 18:55:54.262 D/HTC_RIL ( 1367): RX::> +COPS: 0,2,"23802",2\r\n0\r
04-26 18:55:54.262 D/RILJ    ( 1601): [0853]< QUERY_NETWORK_SELECTION_MODE {0}
04-26 18:55:54.262 D/HTC_RIL ( 1367): (t=1366995354)<< +COPS: 0,2,"23802",2\r\n0\r
04-26 18:55:54.262 D/RILC    ( 1367): [0852]< GPRS_REGISTRATION_STATE {1,(null),(null),3}
04-26 18:55:54.262 D/RILJ    ( 1601): [0852]< GPRS_REGISTRATION_STATE {1, null, null, 3}
04-26 18:55:54.262 D/GSM     ( 1601): Poll ServiceState done:  oldSS=[0 home Telenor DK (N/A) 23802  0 UMTS CSS not supported -1 -1RoamInd: -1DefRoamInd: -1EriInd: -1EriMode: -1RadioPowerSv: falseEmergOnly: false] newSS=[0 home Telenor DK (N/A) 23802  0 UMTS CSS not supported -1 -1RoamInd: -1DefRoamInd: -1EriInd: -1EriMode: -1RadioPowerSv: falseEmergOnly: false] oldGprs=0 newGprs=0 oldType=UMTS newType=UMTS
04-26 18:55:54.262 D/GSM     ( 1601): reset the mCregChange =false
04-26 18:55:54.262 D/GSM     ( 1601): reset the mCgregChange =false
04-26 18:55:54.272 D/RILJ    ( 1601): [0854]> GET_NEIGHBORING_CELL_IDS
04-26 18:55:54.282 D/RILC    ( 1367): [0854]> GET_NEIGHBORING_CELL_IDS 
04-26 18:55:54.282 D/HTC_RIL ( 1367): ril_func_get_neighbor_cell():called
04-26 18:55:54.282 D/HTC_RIL ( 1367): (t=1366995354)>> AT+Q3GNCELL\r
04-26 18:55:54.282 D/HTC_RIL ( 1367): TX::> AT+Q3GNCELL\r
04-26 18:55:54.282 D/HTC_RIL ( 1367): RX::> +Q3GNCELL: "00433691",27,0\r\n0\r
04-26 18:55:54.282 D/HTC_RIL ( 1367): (t=1366995354)<< +Q3GNCELL: "00433691",27,0\r\n0\r
04-26 18:55:54.282 D/RILC    ( 1367): [0854]< GET_NEIGHBORING_CELL_IDS }
04-26 18:55:54.282 D/RILJ    ( 1601): [0854]< GET_NEIGHBORING_CELL_IDS  
04-26 18:55:55.053 D/HTC_RIL ( 1367): RX::> +HTCUCSQ: 14\r\n
04-26 18:55:55.053 D/HTC_RIL ( 1367): (t=1366995355)%% +HTCUCSQ: 14\r\n
04-26 18:55:55.053 D/RILC    ( 1367): [UNSL]< UNSOL_SIGNAL_STRENGTH {[signalStrength=14,bitErrorRate=99,                CDMA_SignalStrength.dbm=-1,CDMA_SignalStrength.ecio=-1,                EVDO_SignalStrength.dbm =-1,EVDO_SignalStrength.ecio=-1,                EVDO_SignalStrength.signalNoiseRatio=0,                ATT_SignalStrength.dbm =-1,ATT_SignalStrength.ecno=-1]}
04-26 18:55:55.053 D/RILJ    ( 1601): [UNSL]< UNSOL_SIGNAL_STRENGTH {14, 99, -1, -1, -1, -1, 0, -1, -1, 0, 0, 0, 0, 0}
04-26 18:56:01.058 D/HTC_RIL ( 1367): RX::> +HTCUCSQ: 12\r\n
04-26 18:56:01.058 D/HTC_RIL ( 1367): (t=1366995361)%% +HTCUCSQ: 12\r\n
04-26 18:56:01.058 D/RILC    ( 1367): [UNSL]< UNSOL_SIGNAL_STRENGTH {[signalStrength=12,bitErrorRate=99,                CDMA_SignalStrength.dbm=-1,CDMA_SignalStrength.ecio=-1,                EVDO_SignalStrength.dbm =-1,EVDO_SignalStrength.ecio=-1,                EVDO_SignalStrength.signalNoiseRatio=0,                ATT_SignalStrength.dbm =-1,ATT_SignalStrength.ecno=-1]}
04-26 18:56:01.058 D/RILJ    ( 1601): [UNSL]< UNSOL_SIGNAL_STRENGTH {12, 99, -1, -1, -1, -1, 0, -1, -1, 0, 0, 0, 0, 0}
04-26 18:56:04.061 D/HTC_RIL ( 1367): RX::> +HTCUCSQ: 13\r\n
04-26 18:56:04.061 D/HTC_RIL ( 1367): (t=1366995364)%% +HTCUCSQ: 13\r\n
04-26 18:56:04.061 D/RILC    ( 1367): [UNSL]< UNSOL_SIGNAL_STRENGTH {[signalStrength=13,bitErrorRate=99,                CDMA_SignalStrength.dbm=-1,CDMA_SignalStrength.ecio=-1,                EVDO_SignalStrength.dbm =-1,EVDO_SignalStrength.ecio=-1,                EVDO_SignalStrength.signalNoiseRatio=0,                ATT_SignalStrength.dbm =-1,ATT_SignalStrength.ecno=-1]}
04-26 18:56:04.061 D/RILJ    ( 1601): [UNSL]< UNSOL_SIGNAL_STRENGTH {13, 99, -1, -1, -1, -1, 0, -1, -1, 0, 0, 0, 0, 0}
04-26 18:56:25.062 D/HTC_RIL ( 1367): RX::> +HTCUCSQ: 14\r\n
04-26 18:56:25.062 D/HTC_RIL ( 1367): (t=1366995385)%% +HTCUCSQ: 14\r\n
04-26 18:56:25.062 D/RILC    ( 1367): [UNSL]< UNSOL_SIGNAL_STRENGTH {[signalStrength=14,bitErrorRate=99,                CDMA_SignalStrength.dbm=-1,CDMA_SignalStrength.ecio=-1,                EVDO_SignalStrength.dbm =-1,EVDO_SignalStrength.ecio=-1,                EVDO_SignalStrength.signalNoiseRatio=0,                ATT_SignalStrength.dbm =-1,ATT_SignalStrength.ecno=-1]}
04-26 18:56:25.062 D/RILJ    ( 1601): [UNSL]< UNSOL_SIGNAL_STRENGTH {14, 99, -1, -1, -1, -1, 0, -1, -1, 0, 0, 0, 0, 0}
04-26 18:56:28.055 D/HTC_RIL ( 1367): RX::> +HTCUCSQ: 13\r\n
04-26 18:56:28.055 D/HTC_RIL ( 1367): (t=1366995388)%% +HTCUCSQ: 13\r\n
04-26 18:56:28.055 D/RILC    ( 1367): [UNSL]< UNSOL_SIGNAL_STRENGTH {[signalStrength=13,bitErrorRate=99,                CDMA_SignalStrength.dbm=-1,CDMA_SignalStrength.ecio=-1,                EVDO_SignalStrength.dbm =-1,EVDO_SignalStrength.ecio=-1,                EVDO_SignalStrength.signalNoiseRatio=0,                ATT_SignalStrength.dbm =-1,ATT_SignalStrength.ecno=-1]}
04-26 18:56:28.055 D/RILJ    ( 1601): [UNSL]< UNSOL_SIGNAL_STRENGTH {13, 99, -1, -1, -1, -1, 0, -1, -1, 0, 0, 0, 0, 0}
04-26 18:56:46.062 D/HTC_RIL ( 1367): RX::> +HTCUCSQ: 14\r\n
04-26 18:56:46.062 D/HTC_RIL ( 1367): (t=1366995406)%% +HTCUCSQ: 14\r\n
04-26 18:56:46.062 D/RILC    ( 1367): [UNSL]< UNSOL_SIGNAL_STRENGTH {[signalStrength=14,bitErrorRate=99,                CDMA_SignalStrength.dbm=-1,CDMA_SignalStrength.ecio=-1,                EVDO_SignalStrength.dbm =-1,EVDO_SignalStrength.ecio=-1,                EVDO_SignalStrength.signalNoiseRatio=0,                ATT_SignalStrength.dbm =-1,ATT_SignalStrength.ecno=-1]}
04-26 18:56:46.062 D/RILJ    ( 1601): [UNSL]< UNSOL_SIGNAL_STRENGTH {14, 99, -1, -1, -1, -1, 0, -1, -1, 0, 0, 0, 0, 0}
04-26 18:57:04.060 D/HTC_RIL ( 1367): RX::> +HTCUCSQ: 13\r\n
04-26 18:57:04.060 D/HTC_RIL ( 1367): (t=1366995424)%% +HTCUCSQ: 13\r\n
04-26 18:57:04.060 D/RILC    ( 1367): [UNSL]< UNSOL_SIGNAL_STRENGTH {[signalStrength=13,bitErrorRate=99,                CDMA_SignalStrength.dbm=-1,CDMA_SignalStrength.ecio=-1,                EVDO_SignalStrength.dbm =-1,EVDO_SignalStrength.ecio=-1,                EVDO_SignalStrength.signalNoiseRatio=0,                ATT_SignalStrength.dbm =-1,ATT_SignalStrength.ecno=-1]}
04-26 18:57:04.060 D/RILJ    ( 1601): [UNSL]< UNSOL_SIGNAL_STRENGTH {13, 99, -1, -1, -1, -1, 0, -1, -1, 0, 0, 0, 0, 0}
04-26 18:57:19.055 D/HTC_RIL ( 1367): RX::> +HTCUCSQ: 12\r\n
04-26 18:57:19.055 D/HTC_RIL ( 1367): (t=1366995439)%% +HTCUCSQ: 12\r\n
04-26 18:57:19.055 D/RILC    ( 1367): [UNSL]< UNSOL_SIGNAL_STRENGTH {[signalStrength=12,bitErrorRate=99,                CDMA_SignalStrength.dbm=-1,CDMA_SignalStrength.ecio=-1,                EVDO_SignalStrength.dbm =-1,EVDO_SignalStrength.ecio=-1,                EVDO_SignalStrength.signalNoiseRatio=0,                ATT_SignalStrength.dbm =-1,ATT_SignalStrength.ecno=-1]}
04-26 18:57:19.055 D/RILJ    ( 1601): [UNSL]< UNSOL_SIGNAL_STRENGTH {12, 99, -1, -1, -1, -1, 0, -1, -1, 0, 0, 0, 0, 0}
04-26 18:57:25.060 D/HTC_RIL ( 1367): RX::> +HTCUCSQ: 14\r\n
04-26 18:57:25.060 D/HTC_RIL ( 1367): (t=1366995445)%% +HTCUCSQ: 14\r\n
04-26 18:57:25.060 D/RILC    ( 1367): [UNSL]< UNSOL_SIGNAL_STRENGTH {[signalStrength=14,bitErrorRate=99,                CDMA_SignalStrength.dbm=-1,CDMA_SignalStrength.ecio=-1,                EVDO_SignalStrength.dbm =-1,EVDO_SignalStrength.ecio=-1,                EVDO_SignalStrength.signalNoiseRatio=0,                ATT_SignalStrength.dbm =-1,ATT_SignalStrength.ecno=-1]}
04-26 18:57:25.060 D/RILJ    ( 1601): [UNSL]< UNSOL_SIGNAL_STRENGTH {14, 99, -1, -1, -1, -1, 0, -1, -1, 0, 0, 0, 0, 0}
04-26 18:57:31.056 D/HTC_RIL ( 1367): RX::> +HTCUCSQ: 13\r\n
04-26 18:57:31.056 D/HTC_RIL ( 1367): (t=1366995451)%% +HTCUCSQ: 13\r\n
04-26 18:57:31.056 D/RILC    ( 1367): [UNSL]< UNSOL_SIGNAL_STRENGTH {[signalStrength=13,bitErrorRate=99,                CDMA_SignalStrength.dbm=-1,CDMA_SignalStrength.ecio=-1,                EVDO_SignalStrength.dbm =-1,EVDO_SignalStrength.ecio=-1,                EVDO_SignalStrength.signalNoiseRatio=0,                ATT_SignalStrength.dbm =-1,ATT_SignalStrength.ecno=-1]}
04-26 18:57:31.056 D/RILJ    ( 1601): [UNSL]< UNSOL_SIGNAL_STRENGTH {13, 99, -1, -1, -1, -1, 0, -1, -1, 0, 0, 0, 0, 0}
04-26 18:57:34.059 D/HTC_RIL ( 1367): RX::> +HTCUCSQ: 14\r\n
04-26 18:57:34.059 D/HTC_RIL ( 1367): (t=1366995454)%% +HTCUCSQ: 14\r\n
04-26 18:57:34.059 D/RILC    ( 1367): [UNSL]< UNSOL_SIGNAL_STRENGTH {[signalStrength=14,bitErrorRate=99,                CDMA_SignalStrength.dbm=-1,CDMA_SignalStrength.ecio=-1,                EVDO_SignalStrength.dbm =-1,EVDO_SignalStrength.ecio=-1,                EVDO_SignalStrength.signalNoiseRatio=0,                ATT_SignalStrength.dbm =-1,ATT_SignalStrength.ecno=-1]}
04-26 18:57:34.059 D/RILJ    ( 1601): [UNSL]< UNSOL_SIGNAL_STRENGTH {14, 99, -1, -1, -1, -1, 0, -1, -1, 0, 0, 0, 0, 0}
04-26 18:57:37.062 D/HTC_RIL ( 1367): RX::> +HTCUCSQ: 13\r\n
04-26 18:57:37.062 D/HTC_RIL ( 1367): (t=1366995457)%% +HTCUCSQ: 13\r\n
04-26 18:57:37.062 D/RILC    ( 1367): [UNSL]< UNSOL_SIGNAL_STRENGTH {[signalStrength=13,bitErrorRate=99,                CDMA_SignalStrength.dbm=-1,CDMA_SignalStrength.ecio=-1,                EVDO_SignalStrength.dbm =-1,EVDO_SignalStrength.ecio=-1,                EVDO_SignalStrength.signalNoiseRatio=0,                ATT_SignalStrength.dbm =-1,ATT_SignalStrength.ecno=-1]}
04-26 18:57:37.062 D/RILJ    ( 1601): [UNSL]< UNSOL_SIGNAL_STRENGTH {13, 99, -1, -1, -1, -1, 0, -1, -1, 0, 0, 0, 0, 0}
04-26 18:57:46.061 D/HTC_RIL ( 1367): RX::> +HTCUCSQ: 14\r\n
04-26 18:57:46.061 D/HTC_RIL ( 1367): (t=1366995466)%% +HTCUCSQ: 14\r\n
04-26 18:57:46.321 D/RILC    ( 1367): [UNSL]< UNSOL_SIGNAL_STRENGTH {[signalStrength=14,bitErrorRate=99,                CDMA_SignalStrength.dbm=-1,CDMA_SignalStrength.ecio=-1,                EVDO_SignalStrength.dbm =-1,EVDO_SignalStrength.ecio=-1,                EVDO_SignalStrength.signalNoiseRatio=0,                ATT_SignalStrength.dbm =-1,ATT_SignalStrength.ecno=-1]}
04-26 18:57:46.321 D/RILJ    ( 1601): [UNSL]< UNSOL_SIGNAL_STRENGTH {14, 99, -1, -1, -1, -1, 0, -1, -1, 0, 0, 0, 0, 0}
04-26 18:58:13.067 D/HTC_RIL ( 1367): RX::> +HTCUCSQ: 13\r\n
04-26 18:58:13.067 D/HTC_RIL ( 1367): (t=1366995493)%% +HTCUCSQ: 13\r\n
04-26 18:58:13.067 D/RILC    ( 1367): [UNSL]< UNSOL_SIGNAL_STRENGTH {[signalStrength=13,bitErrorRate=99,                CDMA_SignalStrength.dbm=-1,CDMA_SignalStrength.ecio=-1,                EVDO_SignalStrength.dbm =-1,EVDO_SignalStrength.ecio=-1,                EVDO_SignalStrength.signalNoiseRatio=0,                ATT_SignalStrength.dbm =-1,ATT_SignalStrength.ecno=-1]}
04-26 18:58:13.067 D/RILJ    ( 1601): [UNSL]< UNSOL_SIGNAL_STRENGTH {13, 99, -1, -1, -1, -1, 0, -1, -1, 0, 0, 0, 0, 0}
04-26 18:58:16.070 D/HTC_RIL ( 1367): RX::> +HTCUCSQ: 14\r\n
04-26 18:58:16.070 D/HTC_RIL ( 1367): (t=1366995496)%% +HTCUCSQ: 14\r\n
04-26 18:58:16.070 D/RILC    ( 1367): [UNSL]< UNSOL_SIGNAL_STRENGTH {[signalStrength=14,bitErrorRate=99,                CDMA_SignalStrength.dbm=-1,CDMA_SignalStrength.ecio=-1,                EVDO_SignalStrength.dbm =-1,EVDO_SignalStrength.ecio=-1,                EVDO_SignalStrength.signalNoiseRatio=0,                ATT_SignalStrength.dbm =-1,ATT_SignalStrength.ecno=-1]}
04-26 18:58:16.070 D/RILJ    ( 1601): [UNSL]< UNSOL_SIGNAL_STRENGTH {14, 99, -1, -1, -1, -1, 0, -1, -1, 0, 0, 0, 0, 0}
04-26 18:58:28.062 D/HTC_RIL ( 1367): RX::> +HTCUCSQ: 13\r\n
04-26 18:58:28.062 D/HTC_RIL ( 1367): (t=1366995508)%% +HTCUCSQ: 13\r\n
04-26 18:58:28.062 D/RILC    ( 1367): [UNSL]< UNSOL_SIGNAL_STRENGTH {[signalStrength=13,bitErrorRate=99,                CDMA_SignalStrength.dbm=-1,CDMA_SignalStrength.ecio=-1,                EVDO_SignalStrength.dbm =-1,EVDO_SignalStrength.ecio=-1,                EVDO_SignalStrength.signalNoiseRatio=0,                ATT_SignalStrength.dbm =-1,ATT_SignalStrength.ecno=-1]}
04-26 18:58:28.062 D/RILJ    ( 1601): [UNSL]< UNSOL_SIGNAL_STRENGTH {13, 99, -1, -1, -1, -1, 0, -1, -1, 0, 0, 0, 0, 0}
04-26 18:58:31.065 D/HTC_RIL ( 1367): RX::> +HTCUCSQ: 14\r\n
04-26 18:58:31.065 D/HTC_RIL ( 1367): (t=1366995511)%% +HTCUCSQ: 14\r\n
04-26 18:58:31.065 D/RILC    ( 1367): [UNSL]< UNSOL_SIGNAL_STRENGTH {[signalStrength=14,bitErrorRate=99,                CDMA_SignalStrength.dbm=-1,CDMA_SignalStrength.ecio=-1,                EVDO_SignalStrength.dbm =-1,EVDO_SignalStrength.ecio=-1,                EVDO_SignalStrength.signalNoiseRatio=0,                ATT_SignalStrength.dbm =-1,ATT_SignalStrength.ecno=-1]}
04-26 18:58:31.065 D/RILJ    ( 1601): [UNSL]< UNSOL_SIGNAL_STRENGTH {14, 99, -1, -1, -1, -1, 0, -1, -1, 0, 0, 0, 0, 0}
04-26 18:58:34.068 D/HTC_RIL ( 1367): RX::> +HTCUCSQ: 13\r\n
04-26 18:58:34.068 D/HTC_RIL ( 1367): (t=1366995514)%% +HTCUCSQ: 13\r\n
04-26 18:58:34.068 D/RILC    ( 1367): [UNSL]< UNSOL_SIGNAL_STRENGTH {[signalStrength=13,bitErrorRate=99,                CDMA_SignalStrength.dbm=-1,CDMA_SignalStrength.ecio=-1,                EVDO_SignalStrength.dbm =-1,EVDO_SignalStrength.ecio=-1,                EVDO_SignalStrength.signalNoiseRatio=0,                ATT_SignalStrength.dbm =-1,ATT_SignalStrength.ecno=-1]}
04-26 18:58:34.068 D/RILJ    ( 1601): [UNSL]< UNSOL_SIGNAL_STRENGTH {13, 99, -1, -1, -1, -1, 0, -1, -1, 0, 0, 0, 0, 0}
04-26 18:58:37.071 D/HTC_RIL ( 1367): RX::> +HTCUCSQ: 14\r\n
04-26 18:58:37.071 D/HTC_RIL ( 1367): (t=1366995517)%% +HTCUCSQ: 14\r\n
04-26 18:58:37.071 D/RILC    ( 1367): [UNSL]< UNSOL_SIGNAL_STRENGTH {[signalStrength=14,bitErrorRate=99,                CDMA_SignalStrength.dbm=-1,CDMA_SignalStrength.ecio=-1,                EVDO_SignalStrength.dbm =-1,EVDO_SignalStrength.ecio=-1,                EVDO_SignalStrength.signalNoiseRatio=0,                ATT_SignalStrength.dbm =-1,ATT_SignalStrength.ecno=-1]}
04-26 18:58:37.071 D/RILJ    ( 1601): [UNSL]< UNSOL_SIGNAL_STRENGTH {14, 99, -1, -1, -1, -1, 0, -1, -1, 0, 0, 0, 0, 0}
04-26 18:58:52.065 D/HTC_RIL ( 1367): RX::> +HTCUCSQ: 13\r\n
04-26 18:58:52.065 D/HTC_RIL ( 1367): (t=1366995532)%% +HTCUCSQ: 13\r\n
04-26 18:58:52.065 D/RILC    ( 1367): [UNSL]< UNSOL_SIGNAL_STRENGTH {[signalStrength=13,bitErrorRate=99,                CDMA_SignalStrength.dbm=-1,CDMA_SignalStrength.ecio=-1,                EVDO_SignalStrength.dbm =-1,EVDO_SignalStrength.ecio=-1,                EVDO_SignalStrength.signalNoiseRatio=0,                ATT_SignalStrength.dbm =-1,ATT_SignalStrength.ecno=-1]}
04-26 18:58:52.065 D/RILJ    ( 1601): [UNSL]< UNSOL_SIGNAL_STRENGTH {13, 99, -1, -1, -1, -1, 0, -1, -1, 0, 0, 0, 0, 0}
04-26 18:59:01.074 D/HTC_RIL ( 1367): RX::> +HTCUCSQ: 14\r\n
04-26 18:59:01.074 D/HTC_RIL ( 1367): (t=1366995541)%% +HTCUCSQ: 14\r\n
04-26 18:59:01.074 D/RILC    ( 1367): [UNSL]< UNSOL_SIGNAL_STRENGTH {[signalStrength=14,bitErrorRate=99,                CDMA_SignalStrength.dbm=-1,CDMA_SignalStrength.ecio=-1,                EVDO_SignalStrength.dbm =-1,EVDO_SignalStrength.ecio=-1,                EVDO_SignalStrength.signalNoiseRatio=0,                ATT_SignalStrength.dbm =-1,ATT_SignalStrength.ecno=-1]}
04-26 18:59:01.074 D/RILJ    ( 1601): [UNSL]< UNSOL_SIGNAL_STRENGTH {14, 99, -1, -1, -1, -1, 0, -1, -1, 0, 0, 0, 0, 0}
04-26 18:59:04.067 D/HTC_RIL ( 1367): RX::> +HTCUCSQ: 13\r\n
04-26 18:59:04.067 D/HTC_RIL ( 1367): (t=1366995544)%% +HTCUCSQ: 13\r\n
04-26 18:59:04.067 D/RILC    ( 1367): [UNSL]< UNSOL_SIGNAL_STRENGTH {[signalStrength=13,bitErrorRate=99,                CDMA_SignalStrength.dbm=-1,CDMA_SignalStrength.ecio=-1,                EVDO_SignalStrength.dbm =-1,EVDO_SignalStrength.ecio=-1,                EVDO_SignalStrength.signalNoiseRatio=0,                ATT_SignalStrength.dbm =-1,ATT_SignalStrength.ecno=-1]}
04-26 18:59:04.067 D/RILJ    ( 1601): [UNSL]< UNSOL_SIGNAL_STRENGTH {13, 99, -1, -1, -1, -1, 0, -1, -1, 0, 0, 0, 0, 0}
04-26 18:59:07.070 D/HTC_RIL ( 1367): RX::> +HTCUCSQ: 12\r\n
04-26 18:59:07.070 D/HTC_RIL ( 1367): (t=1366995547)%% +HTCUCSQ: 12\r\n
04-26 18:59:07.090 D/RILC    ( 1367): [UNSL]< UNSOL_SIGNAL_STRENGTH {[signalStrength=12,bitErrorRate=99,                CDMA_SignalStrength.dbm=-1,CDMA_SignalStrength.ecio=-1,                EVDO_SignalStrength.dbm =-1,EVDO_SignalStrength.ecio=-1,                EVDO_SignalStrength.signalNoiseRatio=0,                ATT_SignalStrength.dbm =-1,ATT_SignalStrength.ecno=-1]}
04-26 18:59:07.090 D/RILJ    ( 1601): [UNSL]< UNSOL_SIGNAL_STRENGTH {12, 99, -1, -1, -1, -1, 0, -1, -1, 0, 0, 0, 0, 0}
04-26 18:59:08.772 D/PHONE   ( 1601): VM: PhoneSubInfo.getVoiceMailNUmber: 
04-26 18:59:08.902 D/PHONE   ( 1601): VM: PhoneSubInfo.getVoiceMailNUmber: 
04-26 18:59:09.993 D/HTC_RIL ( 1367): RX::> +CREG: 1,"005E","00430778"\r\n
04-26 18:59:10.033 D/HTC_RIL ( 1367): check_phone_mode_change():last_scan_network_type:0
04-26 18:59:10.033 D/HTC_RIL ( 1367): check_phone_mode_change():last_register_network:0
04-26 18:59:10.033 D/HTC_RIL ( 1367): check_phone_mode_change():init network_mode:0
04-26 18:59:10.043 D/HTC_RIL ( 1367): check_phone_mode_change():set the modem type to UMTS
04-26 18:59:10.053 D/HTC_RIL ( 1367): (t=1366995550)%% +CREG: 1,"005E","00430778"\r\n
04-26 18:59:10.063 D/RILC    ( 1367): [UNSL]< UNSOL_DATA_NETWORK_STATE_CHANGED 
04-26 18:59:10.063 D/RILJ    ( 1601): [UNSL]< UNSOL_DATA_NETWORK_STATE_CHANGED
04-26 18:59:10.063 D/RILC    ( 1367): [UNSL]< UNSOL_RESPONSE_NETWORK_STATE_CHANGED 
04-26 18:59:10.063 D/RILJ    ( 1601): [UNSL]< UNSOL_RESPONSE_NETWORK_STATE_CHANGED
04-26 18:59:10.063 D/RILJ    ( 1601): [0855]> OPERATOR
04-26 18:59:10.063 D/RILC    ( 1367): [0855]> OPERATOR 
04-26 18:59:10.063 D/RILJ    ( 1601): [0856]> REGISTRATION_STATE
04-26 18:59:10.073 D/RILJ    ( 1601): [0857]> GPRS_REGISTRATION_STATE
04-26 18:59:10.073 D/RILJ    ( 1601): [0858]> QUERY_NETWORK_SELECTION_MODE
04-26 18:59:10.073 D/GSM     ( 1601): rilCregState: 1
04-26 18:59:10.073 D/GSM     ( 1601): rilCgregState: 1
04-26 18:59:10.073 D/GSM     ( 1601): oldRilCREGState: 0  newRilCREGState: 0
04-26 18:59:10.073 D/GSM     ( 1601): oldRilCGREGState: 0  newRilCGREGState: 0
04-26 18:59:10.073 D/GSM     ( 1601): mCregChange: false  mCgregChange: false
04-26 18:59:10.073 D/RILJ    ( 1601): [0859]> OPERATOR
04-26 18:59:10.073 D/HTC_RIL ( 1367): RX::> +HTCUCSQ: 13\r\n
04-26 18:59:10.073 D/HTC_RIL ( 1367): (t=1366995550)%% +HTCUCSQ: 13\r\n
04-26 18:59:10.073 D/RILC    ( 1367): [UNSL]< UNSOL_SIGNAL_STRENGTH {[signalStrength=13,bitErrorRate=99,                CDMA_SignalStrength.dbm=-1,CDMA_SignalStrength.ecio=-1,                EVDO_SignalStrength.dbm =-1,EVDO_SignalStrength.ecio=-1,                EVDO_SignalStrength.signalNoiseRatio=0,                ATT_SignalStrength.dbm =-1,ATT_SignalStrength.ecno=-1]}
04-26 18:59:10.073 D/RILJ    ( 1601): [UNSL]< UNSOL_SIGNAL_STRENGTH {13, 99, -1, -1, -1, -1, 0, -1, -1, 0, 0, 0, 0, 0}
04-26 18:59:10.073 D/RILJ    ( 1601): [0860]> REGISTRATION_STATE
04-26 18:59:10.073 D/RILJ    ( 1601): [0861]> GPRS_REGISTRATION_STATE
04-26 18:59:10.073 D/HTC_RIL ( 1367): ril_func_get_curr_operator_name():called
04-26 18:59:10.073 D/RILC    ( 1367): [0856]> REGISTRATION_STATE 
04-26 18:59:10.073 D/RILJ    ( 1601): [0862]> QUERY_NETWORK_SELECTION_MODE
04-26 18:59:10.083 D/HTC_RIL ( 1367): (t=1366995550)>> AT+COPS=3,2;+COPS?\r
04-26 18:59:10.083 D/HTC_RIL ( 1367): TX::> AT+COPS=3,2;+COPS?\r
04-26 18:59:10.083 D/HTC_RIL ( 1367): RX::> +COPS: 0,2,"23802",2\r\n0\r
04-26 18:59:10.083 D/HTC_RIL ( 1367): (t=1366995550)<< +COPS: 0,2,"23802",2\r\n0\r
04-26 18:59:10.083 D/HTC_RIL ( 1367): ril_func_get_gsm_cdma_reg_state():called
04-26 18:59:10.083 D/RILC    ( 1367): [0857]> GPRS_REGISTRATION_STATE 
04-26 18:59:10.083 D/HTC_RIL ( 1367): ril_func_get_gprs_reg_state():called
04-26 18:59:10.083 D/RILC    ( 1367): [0858]> QUERY_NETWORK_SELECTION_MODE 
04-26 18:59:10.083 D/HTC_RIL ( 1367): ril_func_get_network_select_mode():called
04-26 18:59:10.083 D/RILC    ( 1367): [0859]> OPERATOR 
04-26 18:59:10.083 D/HTC_RIL ( 1367): ril_func_get_curr_operator_name():called
04-26 18:59:10.083 D/RILC    ( 1367): [0860]> REGISTRATION_STATE 
04-26 18:59:10.083 D/HTC_RIL ( 1367): ril_func_get_gsm_cdma_reg_state():called
04-26 18:59:10.083 D/RILC    ( 1367): [0861]> GPRS_REGISTRATION_STATE 
04-26 18:59:10.083 D/HTC_RIL ( 1367): ril_func_get_gprs_reg_state():called
04-26 18:59:10.083 D/RILC    ( 1367): [0862]> QUERY_NETWORK_SELECTION_MODE 
04-26 18:59:10.083 D/HTC_RIL ( 1367): ril_func_get_network_select_mode():called
04-26 18:59:10.093 D/HTC_RIL ( 1367): operator_name_get_by_plmn_num():[ccl]rule: 5
04-26 18:59:10.093 D/HTC_RIL ( 1367): operator_name_get_by_plmn_num():[ccl]long_alpha: Telenor DK
04-26 18:59:10.093 D/HTC_RIL ( 1367): operator_name_get_by_plmn_num():[ccl]short_alpha: (N/A)
04-26 18:59:10.093 D/HTC_RIL ( 1367): operator_name_get_by_plmn_num():[ccl]numeric: 23802
04-26 18:59:10.093 D/HTC_RIL ( 1367): operator_name_get_by_plmn_num():[ccl]priority: 5
04-26 18:59:10.093 D/HTC_RIL ( 1367): (t=1366995550)>> AT+CREG?\r
04-26 18:59:10.093 D/HTC_RIL ( 1367): TX::> AT+CREG?\r
04-26 18:59:10.093 D/RILC    ( 1367): [0855]< OPERATOR {Telenor DK,(N/A),23802,5}
04-26 18:59:10.093 D/RILJ    ( 1601): [0855]< OPERATOR {Telenor DK, (N/A), 23802, 5}
04-26 18:59:10.093 D/HTC_RIL ( 1367): RX::> +CREG: 2,1,"005E","00430778"\r\n0\r
04-26 18:59:10.093 D/HTC_RIL ( 1367): (t=1366995550)<< +CREG: 2,1,"005E","00430778"\r\n0\r
04-26 18:59:10.093 D/HTC_RIL ( 1367): (t=1366995550)>> AT+CGREG?\r
04-26 18:59:10.093 D/HTC_RIL ( 1367): TX::> AT+CGREG?\r
04-26 18:59:10.093 D/HTC_RIL ( 1367): RX::> +CGREG: 1,1\r\n0\r
04-26 18:59:10.093 D/HTC_RIL ( 1367): (t=1366995550)<< +CGREG: 1,1\r\n0\r
04-26 18:59:10.093 D/HTC_RIL ( 1367): (t=1366995550)>> AT+COPS=3,2;+COPS?\r
04-26 18:59:10.093 D/HTC_RIL ( 1367): TX::> AT+COPS=3,2;+COPS?\r
04-26 18:59:10.093 D/HTC_RIL ( 1367): RX::> +COPS: 0,2,"23802",2\r\n0\r
04-26 18:59:10.093 D/HTC_RIL ( 1367): (t=1366995550)<< +COPS: 0,2,"23802",2\r\n0\r
04-26 18:59:10.093 D/HTC_RIL ( 1367): (t=1366995550)>> AT+COPS=3,2;+COPS?\r
04-26 18:59:10.093 D/HTC_RIL ( 1367): TX::> AT+COPS=3,2;+COPS?\r
04-26 18:59:10.093 D/RILC    ( 1367): [0858]< QUERY_NETWORK_SELECTION_MODE {0}
04-26 18:59:10.093 D/HTC_RIL ( 1367): RX::> +COPS: 0,2,"23802",2\r\n0\r
04-26 18:59:10.093 D/RILJ    ( 1601): [0858]< QUERY_NETWORK_SELECTION_MODE {0}
04-26 18:59:10.103 D/HTC_RIL ( 1367): (t=1366995550)<< +COPS: 0,2,"23802",2\r\n0\r
04-26 18:59:10.103 D/HTC_RIL ( 1367): operator_name_get_by_plmn_num():[ccl]rule: 5
04-26 18:59:10.103 D/HTC_RIL ( 1367): operator_name_get_by_plmn_num():[ccl]long_alpha: Telenor DK
04-26 18:59:10.103 D/HTC_RIL ( 1367): operator_name_get_by_plmn_num():[ccl]short_alpha: (N/A)
04-26 18:59:10.103 D/HTC_RIL ( 1367): operator_name_get_by_plmn_num():[ccl]numeric: 23802
04-26 18:59:10.103 D/HTC_RIL ( 1367): operator_name_get_by_plmn_num():[ccl]priority: 5
04-26 18:59:10.103 D/HTC_RIL ( 1367): (t=1366995550)>> AT+CREG?\r
04-26 18:59:10.103 D/HTC_RIL ( 1367): TX::> AT+CREG?\r
04-26 18:59:10.103 D/RILC    ( 1367): [0859]< OPERATOR {Telenor DK,(N/A),23802,5}
04-26 18:59:10.103 D/HTC_RIL ( 1367): RX::> +CREG: 2,1,"005E","00430778"\r\n0\r
04-26 18:59:10.103 D/HTC_RIL ( 1367): (t=1366995550)<< +CREG: 2,1,"005E","00430778"\r\n0\r
04-26 18:59:10.103 D/RILJ    ( 1601): [0859]< OPERATOR {Telenor DK, (N/A), 23802, 5}
04-26 18:59:10.103 D/HTC_RIL ( 1367): (t=1366995550)>> AT+CGREG?\r
04-26 18:59:10.103 D/HTC_RIL ( 1367): TX::> AT+CGREG?\r
04-26 18:59:10.103 D/HTC_RIL ( 1367): RX::> +CGREG: 1,1\r\n0\r
04-26 18:59:10.103 D/HTC_RIL ( 1367): (t=1366995550)<< +CGREG: 1,1\r\n0\r
04-26 18:59:10.103 D/HTC_RIL ( 1367): (t=1366995550)>> AT+COPS=3,2;+COPS?\r
04-26 18:59:10.103 D/HTC_RIL ( 1367): TX::> AT+COPS=3,2;+COPS?\r
04-26 18:59:10.103 D/HTC_RIL ( 1367): RX::> +COPS: 0,2,"23802",2\r\n0\r
04-26 18:59:10.103 D/HTC_RIL ( 1367): (t=1366995550)<< +COPS: 0,2,"23802",2\r\n0\r
04-26 18:59:10.103 D/RILC    ( 1367): [0862]< QUERY_NETWORK_SELECTION_MODE {0}
04-26 18:59:10.103 D/RILJ    ( 1601): [0862]< QUERY_NETWORK_SELECTION_MODE {0}
04-26 18:59:10.103 D/HTC_RIL ( 1367): (t=1366995550)>> AT+COPS=3,2;+COPS?\r
04-26 18:59:10.103 D/HTC_RIL ( 1367): TX::> AT+COPS=3,2;+COPS?\r
04-26 18:59:10.113 D/HTC_RIL ( 1367): RX::> +COPS: 0,2,"23802",2\r\n0\r
04-26 18:59:10.113 D/HTC_RIL ( 1367): (t=1366995550)<< +COPS: 0,2,"23802",2\r\n0\r
04-26 18:59:10.113 D/HTC_RIL ( 1367): (t=1366995550)>> AT+COPS=3,2;+COPS?\r
04-26 18:59:10.113 D/HTC_RIL ( 1367): TX::> AT+COPS=3,2;+COPS?\r
04-26 18:59:10.113 D/RILC    ( 1367): [0856]< REGISTRATION_STATE {1,005E,00430778,3,(null),(null),(null),(null),(null),(null),(null),(null),(null),(null)}
04-26 18:59:10.113 D/HTC_RIL ( 1367): RX::> +COPS: 0,2,"23802",2\r\n0\r
04-26 18:59:10.113 D/HTC_RIL ( 1367): (t=1366995550)<< +COPS: 0,2,"23802",2\r\n0\r
04-26 18:59:10.113 D/RILJ    ( 1601): [0856]< REGISTRATION_STATE {1, 005E, 00430778, 3, null, null, null, null, null, null, null, null, null, null}
04-26 18:59:10.113 D/HTC_RIL ( 1367): (t=1366995550)>> AT+COPS=3,2;+COPS?\r
04-26 18:59:10.113 D/HTC_RIL ( 1367): TX::> AT+COPS=3,2;+COPS?\r
04-26 18:59:10.113 D/RILC    ( 1367): [0857]< GPRS_REGISTRATION_STATE {1,(null),(null),3}
04-26 18:59:10.113 D/RILJ    ( 1601): [0857]< GPRS_REGISTRATION_STATE {1, null, null, 3}
04-26 18:59:10.113 D/HTC_RIL ( 1367): RX::> +COPS: 0,2,"23802",2\r\n0\r
04-26 18:59:10.113 D/HTC_RIL ( 1367): (t=1366995550)<< +COPS: 0,2,"23802",2\r\n0\r
04-26 18:59:10.113 D/HTC_RIL ( 1367): (t=1366995550)>> AT+COPS=3,2;+COPS?\r
04-26 18:59:10.113 D/HTC_RIL ( 1367): TX::> AT+COPS=3,2;+COPS?\r
04-26 18:59:10.113 D/RILC    ( 1367): [0860]< REGISTRATION_STATE {1,005E,00430778,3,(null),(null),(null),(null),(null),(null),(null),(null),(null),(null)}
04-26 18:59:10.113 D/HTC_RIL ( 1367): RX::> +COPS: 0,2,"23802",2\r\n0\r
04-26 18:59:10.113 D/HTC_RIL ( 1367): (t=1366995550)<< +COPS: 0,2,"23802",2\r\n0\r
04-26 18:59:10.113 D/RILJ    ( 1601): [0860]< REGISTRATION_STATE {1, 005E, 00430778, 3, null, null, null, null, null, null, null, null, null, null}
04-26 18:59:10.123 D/RILC    ( 1367): [0861]< GPRS_REGISTRATION_STATE {1,(null),(null),3}
04-26 18:59:10.123 D/RILJ    ( 1601): [0861]< GPRS_REGISTRATION_STATE {1, null, null, 3}
04-26 18:59:10.123 D/GSM     ( 1601): Poll ServiceState done:  oldSS=[0 home Telenor DK (N/A) 23802  0 UMTS CSS not supported -1 -1RoamInd: -1DefRoamInd: -1EriInd: -1EriMode: -1RadioPowerSv: falseEmergOnly: false] newSS=[0 home Telenor DK (N/A) 23802  0 UMTS CSS not supported -1 -1RoamInd: -1DefRoamInd: -1EriInd: -1EriMode: -1RadioPowerSv: falseEmergOnly: false] oldGprs=0 newGprs=0 oldType=UMTS newType=UMTS
04-26 18:59:10.123 D/GSM     ( 1601): reset the mCregChange =false
04-26 18:59:10.123 D/GSM     ( 1601): reset the mCgregChange =false
04-26 18:59:10.133 D/RILJ    ( 1601): [0863]> GET_NEIGHBORING_CELL_IDS
04-26 18:59:10.133 D/RILC    ( 1367): [0863]> GET_NEIGHBORING_CELL_IDS 
04-26 18:59:10.133 D/HTC_RIL ( 1367): ril_func_get_neighbor_cell():called
04-26 18:59:10.133 D/HTC_RIL ( 1367): (t=1366995550)>> AT+Q3GNCELL\r
04-26 18:59:10.133 D/HTC_RIL ( 1367): TX::> AT+Q3GNCELL\r
04-26 18:59:10.143 D/HTC_RIL ( 1367): RX::> +Q3GNCELL: "00430778",27,0\r\n0\r
04-26 18:59:10.143 D/HTC_RIL ( 1367): (t=1366995550)<< +Q3GNCELL: "00430778",27,0\r\n0\r
04-26 18:59:10.143 D/RILC    ( 1367): [0863]< GET_NEIGHBORING_CELL_IDS }
04-26 18:59:10.143 D/RILJ    ( 1601): [0863]< GET_NEIGHBORING_CELL_IDS  
04-26 18:59:13.066 D/HTC_RIL ( 1367): RX::> +HTCUCSQ: 14\r\n
04-26 18:59:13.066 D/HTC_RIL ( 1367): (t=1366995553)%% +HTCUCSQ: 14\r\n
04-26 18:59:13.066 D/RILC    ( 1367): [UNSL]< UNSOL_SIGNAL_STRENGTH {[signalStrength=14,bitErrorRate=99,                CDMA_SignalStrength.dbm=-1,CDMA_SignalStrength.ecio=-1,                EVDO_SignalStrength.dbm =-1,EVDO_SignalStrength.ecio=-1,                EVDO_SignalStrength.signalNoiseRatio=0,                ATT_SignalStrength.dbm =-1,ATT_SignalStrength.ecno=-1]}
04-26 18:59:13.066 D/RILJ    ( 1601): [UNSL]< UNSOL_SIGNAL_STRENGTH {14, 99, -1, -1, -1, -1, 0, -1, -1, 0, 0, 0, 0, 0}
04-26 18:59:13.837 D/HTC_RIL ( 1367): RX::> +CREG: 1,"005E","00434DA3"\r\n
04-26 18:59:13.837 D/HTC_RIL ( 1367): check_phone_mode_change():last_scan_network_type:0
04-26 18:59:13.837 D/HTC_RIL ( 1367): check_phone_mode_change():last_register_network:0
04-26 18:59:13.837 D/HTC_RIL ( 1367): check_phone_mode_change():init network_mode:0
04-26 18:59:13.847 D/HTC_RIL ( 1367): check_phone_mode_change():set the modem type to UMTS
04-26 18:59:13.857 D/HTC_RIL ( 1367): (t=1366995553)%% +CREG: 1,"005E","00434DA3"\r\n
04-26 18:59:13.857 D/RILC    ( 1367): [UNSL]< UNSOL_DATA_NETWORK_STATE_CHANGED 
04-26 18:59:13.857 D/RILJ    ( 1601): [UNSL]< UNSOL_DATA_NETWORK_STATE_CHANGED
04-26 18:59:13.857 D/RILJ    ( 1601): [0864]> OPERATOR
04-26 18:59:13.857 D/RILC    ( 1367): [UNSL]< UNSOL_RESPONSE_NETWORK_STATE_CHANGED 
04-26 18:59:13.857 D/RILJ    ( 1601): [UNSL]< UNSOL_RESPONSE_NETWORK_STATE_CHANGED
04-26 18:59:13.857 D/RILC    ( 1367): [0864]> OPERATOR 
04-26 18:59:13.857 D/HTC_RIL ( 1367): ril_func_get_curr_operator_name():called
04-26 18:59:13.857 D/HTC_RIL ( 1367): (t=1366995553)>> AT+COPS=3,2;+COPS?\r
04-26 18:59:13.857 D/HTC_RIL ( 1367): TX::> AT+COPS=3,2;+COPS?\r
04-26 18:59:13.857 D/RILJ    ( 1601): [0865]> REGISTRATION_STATE
04-26 18:59:13.867 D/HTC_RIL ( 1367): RX::> +COPS: 0,2,"23802",2\r\n0\r
04-26 18:59:13.867 D/HTC_RIL ( 1367): (t=1366995553)<< +COPS: 0,2,"23802",2\r\n0\r
04-26 18:59:13.867 D/RILC    ( 1367): [0865]> REGISTRATION_STATE 
04-26 18:59:13.867 D/HTC_RIL ( 1367): ril_func_get_gsm_cdma_reg_state():called
04-26 18:59:13.867 D/HTC_RIL ( 1367): operator_name_get_by_plmn_num():[ccl]rule: 5
04-26 18:59:13.867 D/HTC_RIL ( 1367): operator_name_get_by_plmn_num():[ccl]long_alpha: Telenor DK
04-26 18:59:13.867 D/HTC_RIL ( 1367): operator_name_get_by_plmn_num():[ccl]short_alpha: (N/A)
04-26 18:59:13.867 D/HTC_RIL ( 1367): operator_name_get_by_plmn_num():[ccl]numeric: 23802
04-26 18:59:13.867 D/HTC_RIL ( 1367): operator_name_get_by_plmn_num():[ccl]priority: 5
04-26 18:59:13.867 D/RILJ    ( 1601): [0866]> GPRS_REGISTRATION_STATE
04-26 18:59:13.867 D/RILC    ( 1367): [0864]< OPERATOR {Telenor DK,(N/A),23802,5}
04-26 18:59:13.867 D/HTC_RIL ( 1367): (t=1366995553)>> AT+CREG?\r
04-26 18:59:13.867 D/HTC_RIL ( 1367): TX::> AT+CREG?\r
04-26 18:59:13.867 D/RILJ    ( 1601): [0864]< OPERATOR {Telenor DK, (N/A), 23802, 5}
04-26 18:59:13.867 D/HTC_RIL ( 1367): RX::> +CREG: 2,1,"005E","00434DA3"\r\n0\r
04-26 18:59:13.867 D/HTC_RIL ( 1367): (t=1366995553)<< +CREG: 2,1,"005E","00434DA3"\r\n0\r
04-26 18:59:13.867 D/RILC    ( 1367): [0866]> GPRS_REGISTRATION_STATE 
04-26 18:59:13.867 D/HTC_RIL ( 1367): ril_func_get_gprs_reg_state():called
04-26 18:59:13.867 D/RILJ    ( 1601): [0867]> QUERY_NETWORK_SELECTION_MODE
04-26 18:59:13.867 D/RILC    ( 1367): [0867]> QUERY_NETWORK_SELECTION_MODE 
04-26 18:59:13.867 D/HTC_RIL ( 1367): ril_func_get_network_select_mode():called
04-26 18:59:13.867 D/HTC_RIL ( 1367): (t=1366995553)>> AT+CGREG?\r
04-26 18:59:13.867 D/HTC_RIL ( 1367): TX::> AT+CGREG?\r
04-26 18:59:13.867 D/GSM     ( 1601): rilCregState: 1
04-26 18:59:13.867 D/GSM     ( 1601): rilCgregState: 1
04-26 18:59:13.867 D/GSM     ( 1601): oldRilCREGState: 0  newRilCREGState: 0
04-26 18:59:13.867 D/HTC_RIL ( 1367): RX::> +CGREG: 1,1\r\n0\r
04-26 18:59:13.867 D/HTC_RIL ( 1367): (t=1366995553)<< +CGREG: 1,1\r\n0\r
04-26 18:59:13.867 D/GSM     ( 1601): oldRilCGREGState: 0  newRilCGREGState: 0
04-26 18:59:13.867 D/GSM     ( 1601): mCregChange: false  mCgregChange: false
04-26 18:59:13.867 D/RILJ    ( 1601): [0868]> OPERATOR
04-26 18:59:13.867 D/RILC    ( 1367): [0868]> OPERATOR 
04-26 18:59:13.867 D/HTC_RIL ( 1367): ril_func_get_curr_operator_name():called
04-26 18:59:13.867 D/HTC_RIL ( 1367): (t=1366995553)>> AT+COPS=3,2;+COPS?\r
04-26 18:59:13.867 D/HTC_RIL ( 1367): TX::> AT+COPS=3,2;+COPS?\r
04-26 18:59:13.867 D/RILJ    ( 1601): [0869]> REGISTRATION_STATE
04-26 18:59:13.867 D/HTC_RIL ( 1367): RX::> +COPS: 0,2,"23802",2\r\n0\r
04-26 18:59:13.867 D/HTC_RIL ( 1367): (t=1366995553)<< +COPS: 0,2,"23802",2\r\n0\r
04-26 18:59:13.867 D/RILC    ( 1367): [0869]> REGISTRATION_STATE 
04-26 18:59:13.867 D/HTC_RIL ( 1367): ril_func_get_gsm_cdma_reg_state():called
04-26 18:59:13.867 D/RILJ    ( 1601): [0870]> GPRS_REGISTRATION_STATE
04-26 18:59:13.877 D/RILC    ( 1367): [0867]< QUERY_NETWORK_SELECTION_MODE {0}
04-26 18:59:13.877 D/RILJ    ( 1601): [0867]< QUERY_NETWORK_SELECTION_MODE {0}
04-26 18:59:13.877 D/HTC_RIL ( 1367): (t=1366995553)>> AT+COPS=3,2;+COPS?\r
04-26 18:59:13.877 D/HTC_RIL ( 1367): TX::> AT+COPS=3,2;+COPS?\r
04-26 18:59:13.877 D/HTC_RIL ( 1367): RX::> +COPS: 0,2,"23802",2\r\n0\r
04-26 18:59:13.877 D/HTC_RIL ( 1367): (t=1366995553)<< +COPS: 0,2,"23802",2\r\n0\r
04-26 18:59:13.877 D/RILC    ( 1367): [0870]> GPRS_REGISTRATION_STATE 
04-26 18:59:13.877 D/HTC_RIL ( 1367): ril_func_get_gprs_reg_state():called
04-26 18:59:13.877 D/RILJ    ( 1601): [0871]> QUERY_NETWORK_SELECTION_MODE
04-26 18:59:13.877 D/HTC_RIL ( 1367): operator_name_get_by_plmn_num():[ccl]rule: 5
04-26 18:59:13.877 D/HTC_RIL ( 1367): operator_name_get_by_plmn_num():[ccl]long_alpha: Telenor DK
04-26 18:59:13.877 D/HTC_RIL ( 1367): operator_name_get_by_plmn_num():[ccl]short_alpha: (N/A)
04-26 18:59:13.877 D/HTC_RIL ( 1367): operator_name_get_by_plmn_num():[ccl]numeric: 23802
04-26 18:59:13.877 D/HTC_RIL ( 1367): operator_name_get_by_plmn_num():[ccl]priority: 5
04-26 18:59:13.877 D/RILC    ( 1367): [0868]< OPERATOR {Telenor DK,(N/A),23802,5}
04-26 18:59:13.877 D/RILJ    ( 1601): [0868]< OPERATOR {Telenor DK, (N/A), 23802, 5}
04-26 18:59:13.877 D/HTC_RIL ( 1367): (t=1366995553)>> AT+CREG?\r
04-26 18:59:13.877 D/HTC_RIL ( 1367): TX::> AT+CREG?\r
04-26 18:59:13.877 D/RILC    ( 1367): [0871]> QUERY_NETWORK_SELECTION_MODE 
04-26 18:59:13.877 D/HTC_RIL ( 1367): ril_func_get_network_select_mode():called
04-26 18:59:13.877 D/HTC_RIL ( 1367): RX::> +CREG: 2,1,"005E","00434DA3"\r\n0\r
04-26 18:59:13.877 D/HTC_RIL ( 1367): (t=1366995553)<< +CREG: 2,1,"005E","00434DA3"\r\n0\r
04-26 18:59:13.877 D/HTC_RIL ( 1367): (t=1366995553)>> AT+CGREG?\r
04-26 18:59:13.877 D/HTC_RIL ( 1367): TX::> AT+CGREG?\r
04-26 18:59:13.877 D/HTC_RIL ( 1367): RX::> +CGREG: 1,1\r\n0\r
04-26 18:59:13.877 D/HTC_RIL ( 1367): (t=1366995553)<< +CGREG: 1,1\r\n0\r
04-26 18:59:13.877 D/HTC_RIL ( 1367): (t=1366995553)>> AT+COPS=3,2;+COPS?\r
04-26 18:59:13.877 D/HTC_RIL ( 1367): TX::> AT+COPS=3,2;+COPS?\r
04-26 18:59:13.877 D/HTC_RIL ( 1367): RX::> +COPS: 0,2,"23802",2\r\n0\r
04-26 18:59:13.877 D/HTC_RIL ( 1367): (t=1366995553)<< +COPS: 0,2,"23802",2\r\n0\r
04-26 18:59:13.877 D/HTC_RIL ( 1367): (t=1366995553)>> AT+COPS=3,2;+COPS?\r
04-26 18:59:13.877 D/HTC_RIL ( 1367): TX::> AT+COPS=3,2;+COPS?\r
04-26 18:59:13.877 D/RILC    ( 1367): [0871]< QUERY_NETWORK_SELECTION_MODE {0}
04-26 18:59:13.887 D/RILJ    ( 1601): [0871]< QUERY_NETWORK_SELECTION_MODE {0}
04-26 18:59:13.887 D/HTC_RIL ( 1367): RX::> +COPS: 0,2,"23802",2\r\n0\r
04-26 18:59:13.887 D/HTC_RIL ( 1367): (t=1366995553)<< +COPS: 0,2,"23802",2\r\n0\r
04-26 18:59:13.887 D/HTC_RIL ( 1367): (t=1366995553)>> AT+COPS=3,2;+COPS?\r
04-26 18:59:13.887 D/HTC_RIL ( 1367): TX::> AT+COPS=3,2;+COPS?\r
04-26 18:59:13.887 D/RILC    ( 1367): [0865]< REGISTRATION_STATE {1,005E,00434DA3,3,(null),(null),(null),(null),(null),(null),(null),(null),(null),(null)}
04-26 18:59:13.887 D/HTC_RIL ( 1367): RX::> +COPS: 0,2,"23802",2\r\n0\r
04-26 18:59:13.887 D/HTC_RIL ( 1367): (t=1366995553)<< +COPS: 0,2,"23802",2\r\n0\r
04-26 18:59:13.887 D/RILJ    ( 1601): [0865]< REGISTRATION_STATE {1, 005E, 00434DA3, 3, null, null, null, null, null, null, null, null, null, null}
04-26 18:59:13.887 D/HTC_RIL ( 1367): (t=1366995553)>> AT+COPS=3,2;+COPS?\r
04-26 18:59:13.887 D/HTC_RIL ( 1367): TX::> AT+COPS=3,2;+COPS?\r
04-26 18:59:13.887 D/RILC    ( 1367): [0866]< GPRS_REGISTRATION_STATE {1,(null),(null),3}
04-26 18:59:13.887 D/RILJ    ( 1601): [0866]< GPRS_REGISTRATION_STATE {1, null, null, 3}
04-26 18:59:13.887 D/HTC_RIL ( 1367): RX::> +COPS: 0,2,"23802",2\r\n0\r
04-26 18:59:13.887 D/HTC_RIL ( 1367): (t=1366995553)<< +COPS: 0,2,"23802",2\r\n0\r
04-26 18:59:13.887 D/HTC_RIL ( 1367): (t=1366995553)>> AT+COPS=3,2;+COPS?\r
04-26 18:59:13.887 D/HTC_RIL ( 1367): TX::> AT+COPS=3,2;+COPS?\r
04-26 18:59:13.887 D/RILC    ( 1367): [0869]< REGISTRATION_STATE {1,005E,00434DA3,3,(null),(null),(null),(null),(null),(null),(null),(null),(null),(null)}
04-26 18:59:13.887 D/HTC_RIL ( 1367): RX::> +COPS: 0,2,"23802",2\r\n0\r
04-26 18:59:13.887 D/HTC_RIL ( 1367): (t=1366995553)<< +COPS: 0,2,"23802",2\r\n0\r
04-26 18:59:13.887 D/RILJ    ( 1601): [0869]< REGISTRATION_STATE {1, 005E, 00434DA3, 3, null, null, null, null, null, null, null, null, null, null}
04-26 18:59:13.887 D/RILC    ( 1367): [0870]< GPRS_REGISTRATION_STATE {1,(null),(null),3}
04-26 18:59:13.887 D/RILJ    ( 1601): [0870]< GPRS_REGISTRATION_STATE {1, null, null, 3}
04-26 18:59:13.897 D/GSM     ( 1601): Poll ServiceState done:  oldSS=[0 home Telenor DK (N/A) 23802  0 UMTS CSS not supported -1 -1RoamInd: -1DefRoamInd: -1EriInd: -1EriMode: -1RadioPowerSv: falseEmergOnly: false] newSS=[0 home Telenor DK (N/A) 23802  0 UMTS CSS not supported -1 -1RoamInd: -1DefRoamInd: -1EriInd: -1EriMode: -1RadioPowerSv: falseEmergOnly: false] oldGprs=0 newGprs=0 oldType=UMTS newType=UMTS
04-26 18:59:13.897 D/GSM     ( 1601): reset the mCregChange =false
04-26 18:59:13.897 D/GSM     ( 1601): reset the mCgregChange =false
04-26 18:59:13.897 D/RILJ    ( 1601): [0872]> GET_NEIGHBORING_CELL_IDS
04-26 18:59:13.897 D/RILC    ( 1367): [0872]> GET_NEIGHBORING_CELL_IDS 
04-26 18:59:13.897 D/HTC_RIL ( 1367): ril_func_get_neighbor_cell():called
04-26 18:59:13.897 D/HTC_RIL ( 1367): (t=1366995553)>> AT+Q3GNCELL\r
04-26 18:59:13.897 D/HTC_RIL ( 1367): TX::> AT+Q3GNCELL\r
04-26 18:59:13.897 D/HTC_RIL ( 1367): RX::> +Q3GNCELL: "00434DA3",30,0\r\n0\r
04-26 18:59:13.897 D/HTC_RIL ( 1367): (t=1366995553)<< +Q3GNCELL: "00434DA3",30,0\r\n0\r
04-26 18:59:13.897 D/RILC    ( 1367): [0872]< GET_NEIGHBORING_CELL_IDS }
04-26 18:59:13.897 D/RILJ    ( 1601): [0872]< GET_NEIGHBORING_CELL_IDS  
04-26 18:59:14.387 D/RILJ    ( 1601): [0873]> OEM_HOOK_STRINGS
04-26 18:59:14.397 D/RILC    ( 1367): [0873]> OEM_HOOK_STRINGS (UNIAT,at@settimezone=1,7200
)
04-26 18:59:14.407 D/HTC_RIL ( 1367): ril_func_oem_hook_strings():called
04-26 18:59:14.407 D/HTC_RIL ( 1367): oem_hook_strings_handler_send_uniat():called
04-26 18:59:14.417 D/HTC_RIL ( 1367): (t=1366995554)>> at@settimezone=1,7200\r
04-26 18:59:14.417 D/HTC_RIL ( 1367): TX::> at@settimezone=1,7200\r
04-26 18:59:14.417 D/HTC_RIL ( 1367): RX::> 0\r
04-26 18:59:14.417 D/HTC_RIL ( 1367): (t=1366995554)<< 0\r
04-26 18:59:14.437 D/RILC    ( 1367): [0873]< OEM_HOOK_STRINGS {UNIAT,0
}
04-26 18:59:14.437 D/RILJ    ( 1601): [0873]< OEM_HOOK_STRINGS {UNIAT, 0
}
04-26 18:59:16.069 D/HTC_RIL ( 1367): RX::> +HTCUCSQ: 15\r\n
04-26 18:59:16.069 D/HTC_RIL ( 1367): (t=1366995556)%% +HTCUCSQ: 15\r\n
04-26 18:59:16.069 D/RILC    ( 1367): [UNSL]< UNSOL_SIGNAL_STRENGTH {[signalStrength=15,bitErrorRate=99,                CDMA_SignalStrength.dbm=-1,CDMA_SignalStrength.ecio=-1,                EVDO_SignalStrength.dbm =-1,EVDO_SignalStrength.ecio=-1,                EVDO_SignalStrength.signalNoiseRatio=0,                ATT_SignalStrength.dbm =-1,ATT_SignalStrength.ecno=-1]}
04-26 18:59:16.069 D/RILJ    ( 1601): [UNSL]< UNSOL_SIGNAL_STRENGTH {15, 99, -1, -1, -1, -1, 0, -1, -1, 0, 0, 0, 0, 0}
04-26 18:59:19.072 D/HTC_RIL ( 1367): RX::> +HTCUCSQ: 16\r\n
04-26 18:59:19.072 D/HTC_RIL ( 1367): (t=1366995559)%% +HTCUCSQ: 16\r\n
04-26 18:59:19.072 D/RILC    ( 1367): [UNSL]< UNSOL_SIGNAL_STRENGTH {[signalStrength=16,bitErrorRate=99,                CDMA_SignalStrength.dbm=-1,CDMA_SignalStrength.ecio=-1,                EVDO_SignalStrength.dbm =-1,EVDO_SignalStrength.ecio=-1,                EVDO_SignalStrength.signalNoiseRatio=0,                ATT_SignalStrength.dbm =-1,ATT_SignalStrength.ecno=-1]}
04-26 18:59:19.072 D/RILJ    ( 1601): [UNSL]< UNSOL_SIGNAL_STRENGTH {16, 99, -1, -1, -1, -1, 0, -1, -1, 0, 0, 0, 0, 0}
04-26 18:59:22.065 D/HTC_RIL ( 1367): RX::> +HTCUCSQ: 15\r\n
04-26 18:59:22.065 D/HTC_RIL ( 1367): (t=1366995562)%% +HTCUCSQ: 15\r\n
04-26 18:59:22.065 D/RILC    ( 1367): [UNSL]< UNSOL_SIGNAL_STRENGTH {[signalStrength=15,bitErrorRate=99,                CDMA_SignalStrength.dbm=-1,CDMA_SignalStrength.ecio=-1,                EVDO_SignalStrength.dbm =-1,EVDO_SignalStrength.ecio=-1,                EVDO_SignalStrength.signalNoiseRatio=0,                ATT_SignalStrength.dbm =-1,ATT_SignalStrength.ecno=-1]}
04-26 18:59:22.065 D/RILJ    ( 1601): [UNSL]< UNSOL_SIGNAL_STRENGTH {15, 99, -1, -1, -1, -1, 0, -1, -1, 0, 0, 0, 0, 0}
04-26 18:59:28.070 D/HTC_RIL ( 1367): RX::> +HTCUCSQ: 14\r\n
04-26 18:59:28.070 D/HTC_RIL ( 1367): (t=1366995568)%% +HTCUCSQ: 14\r\n
04-26 18:59:28.070 D/RILC    ( 1367): [UNSL]< UNSOL_SIGNAL_STRENGTH {[signalStrength=14,bitErrorRate=99,                CDMA_SignalStrength.dbm=-1,CDMA_SignalStrength.ecio=-1,                EVDO_SignalStrength.dbm =-1,EVDO_SignalStrength.ecio=-1,                EVDO_SignalStrength.signalNoiseRatio=0,                ATT_SignalStrength.dbm =-1,ATT_SignalStrength.ecno=-1]}
04-26 18:59:28.070 D/RILJ    ( 1601): [UNSL]< UNSOL_SIGNAL_STRENGTH {14, 99, -1, -1, -1, -1, 0, -1, -1, 0, 0, 0, 0, 0}
04-26 18:59:31.073 D/HTC_RIL ( 1367): RX::> +HTCUCSQ: 13\r\n
04-26 18:59:31.073 D/HTC_RIL ( 1367): (t=1366995571)%% +HTCUCSQ: 13\r\n
04-26 18:59:31.073 D/RILC    ( 1367): [UNSL]< UNSOL_SIGNAL_STRENGTH {[signalStrength=13,bitErrorRate=99,                CDMA_SignalStrength.dbm=-1,CDMA_SignalStrength.ecio=-1,                EVDO_SignalStrength.dbm =-1,EVDO_SignalStrength.ecio=-1,                EVDO_SignalStrength.signalNoiseRatio=0,                ATT_SignalStrength.dbm =-1,ATT_SignalStrength.ecno=-1]}
04-26 18:59:31.073 D/RILJ    ( 1601): [UNSL]< UNSOL_SIGNAL_STRENGTH {13, 99, -1, -1, -1, -1, 0, -1, -1, 0, 0, 0, 0, 0}
04-26 18:59:37.069 D/HTC_RIL ( 1367): RX::> +HTCUCSQ: 14\r\n
04-26 18:59:37.069 D/HTC_RIL ( 1367): (t=1366995577)%% +HTCUCSQ: 14\r\n
04-26 18:59:37.069 D/RILC    ( 1367): [UNSL]< UNSOL_SIGNAL_STRENGTH {[signalStrength=14,bitErrorRate=99,                CDMA_SignalStrength.dbm=-1,CDMA_SignalStrength.ecio=-1,                EVDO_SignalStrength.dbm =-1,EVDO_SignalStrength.ecio=-1,                EVDO_SignalStrength.signalNoiseRatio=0,                ATT_SignalStrength.dbm =-1,ATT_SignalStrength.ecno=-1]}
04-26 18:59:37.069 D/RILJ    ( 1601): [UNSL]< UNSOL_SIGNAL_STRENGTH {14, 99, -1, -1, -1, -1, 0, -1, -1, 0, 0, 0, 0, 0}
04-26 18:59:43.065 D/HTC_RIL ( 1367): RX::> +HTCUCSQ: 13\r\n
04-26 18:59:43.065 D/HTC_RIL ( 1367): (t=1366995583)%% +HTCUCSQ: 13\r\n
04-26 18:59:43.065 D/RILC    ( 1367): [UNSL]< UNSOL_SIGNAL_STRENGTH {[signalStrength=13,bitErrorRate=99,                CDMA_SignalStrength.dbm=-1,CDMA_SignalStrength.ecio=-1,                EVDO_SignalStrength.dbm =-1,EVDO_SignalStrength.ecio=-1,                EVDO_SignalStrength.signalNoiseRatio=0,                ATT_SignalStrength.dbm =-1,ATT_SignalStrength.ecno=-1]}
04-26 18:59:43.065 D/RILJ    ( 1601): [UNSL]< UNSOL_SIGNAL_STRENGTH {13, 99, -1, -1, -1, -1, 0, -1, -1, 0, 0, 0, 0, 0}
04-26 19:00:00.012 D/HTC_RIL ( 1367): RX::> +HTCCTZV: "13/04/26,17:00:00+08,1"\r\n
04-26 19:00:00.062 D/HTC_RIL ( 1367): (t=1366995600)%% +HTCCTZV: "13/04/26,17:00:00+08,1"\r\n
04-26 19:00:00.062 D/RILC    ( 1367): [UNSL]< UNSOL_NITZ_TIME_RECEIVED {13/04/26,17:00:00+08,1}
04-26 19:00:00.072 D/RILJ    ( 1601): [UNSL]< UNSOL_NITZ_TIME_RECEIVED 13/04/26,17:00:00+08,1
04-26 19:00:00.072 I/GSM     ( 1601): NITZ: 13/04/26,17:00:00+08,1,6576340 start=6576356 delay=16
04-26 19:00:00.072 D/GSM     ( 1601): get ISO: dk mGotCountryCode: true mOPERATOR_ISO_COUNTRY: dk
04-26 19:00:00.142 D/GSM     ( 1601): [checkTestIcc] mTestIcc = false
04-26 19:00:00.142 D/GSM     ( 1601): setTimeFromNITZString AUTO_TIME update time zone: Europe/Copenhagen
04-26 19:00:00.232 D/RILJ    ( 1601): [0874]> OEM_HOOK_STRINGS
04-26 19:00:00.242 D/RILC    ( 1367): [0874]> OEM_HOOK_STRINGS (UNIAT,at@settimezone=1,7200
)
04-26 19:00:00.252 D/HTC_RIL ( 1367): ril_func_oem_hook_strings():called
04-26 19:00:00.252 D/HTC_RIL ( 1367): oem_hook_strings_handler_send_uniat():called
04-26 19:00:00.262 D/HTC_RIL ( 1367): (t=1366995600)>> at@settimezone=1,7200\r
04-26 19:00:00.262 D/HTC_RIL ( 1367): TX::> at@settimezone=1,7200\r
04-26 19:00:00.262 D/HTC_RIL ( 1367): RX::> 0\r
04-26 19:00:00.262 D/HTC_RIL ( 1367): (t=1366995600)<< 0\r
04-26 19:00:00.262 D/RILC    ( 1367): [0874]< OEM_HOOK_STRINGS {UNIAT,0
}
04-26 19:00:00.262 D/RILJ    ( 1601): [0874]< OEM_HOOK_STRINGS {UNIAT, 0
}
04-26 19:00:00.207 I/GSM     ( 1601): NITZ: after Setting time of day
04-26 19:00:00.272 I/GSM     ( 1601): NITZ: Setting time of day to Fri Apr 26 19:00:00 GMT+02:00 2013 NITZ receive delay(ms): 207 gained(ms): -67 from 13/04/26,17:00:00+08,1
04-26 19:00:00.997 D/HTC_RIL ( 1367): RX::> +HTCUCSQ: 12\r\n
04-26 19:00:00.997 D/HTC_RIL ( 1367): (t=1366995601)%% +HTCUCSQ: 12\r\n
04-26 19:00:00.997 D/RILC    ( 1367): [UNSL]< UNSOL_SIGNAL_STRENGTH {[signalStrength=12,bitErrorRate=99,                CDMA_SignalStrength.dbm=-1,CDMA_SignalStrength.ecio=-1,                EVDO_SignalStrength.dbm =-1,EVDO_SignalStrength.ecio=-1,                EVDO_SignalStrength.signalNoiseRatio=0,                ATT_SignalStrength.dbm =-1,ATT_SignalStrength.ecno=-1]}
04-26 19:00:00.997 D/RILJ    ( 1601): [UNSL]< UNSOL_SIGNAL_STRENGTH {12, 99, -1, -1, -1, -1, 0, -1, -1, 0, 0, 0, 0, 0}
04-26 19:00:06.993 D/HTC_RIL ( 1367): RX::> +HTCUCSQ: 13\r\n
04-26 19:00:06.993 D/HTC_RIL ( 1367): (t=1366995607)%% +HTCUCSQ: 13\r\n
04-26 19:00:06.993 D/RILC    ( 1367): [UNSL]< UNSOL_SIGNAL_STRENGTH {[signalStrength=13,bitErrorRate=99,                CDMA_SignalStrength.dbm=-1,CDMA_SignalStrength.ecio=-1,                EVDO_SignalStrength.dbm =-1,EVDO_SignalStrength.ecio=-1,                EVDO_SignalStrength.signalNoiseRatio=0,                ATT_SignalStrength.dbm =-1,ATT_SignalStrength.ecno=-1]}
04-26 19:00:06.993 D/RILJ    ( 1601): [UNSL]< UNSOL_SIGNAL_STRENGTH {13, 99, -1, -1, -1, -1, 0, -1, -1, 0, 0, 0, 0, 0}
04-26 19:00:09.995 D/HTC_RIL ( 1367): RX::> +HTCUCSQ: 14\r\n
04-26 19:00:09.995 D/HTC_RIL ( 1367): (t=1366995610)%% +HTCUCSQ: 14\r\n
04-26 19:00:09.995 D/RILC    ( 1367): [UNSL]< UNSOL_SIGNAL_STRENGTH {[signalStrength=14,bitErrorRate=99,                CDMA_SignalStrength.dbm=-1,CDMA_SignalStrength.ecio=-1,                EVDO_SignalStrength.dbm =-1,EVDO_SignalStrength.ecio=-1,                EVDO_SignalStrength.signalNoiseRatio=0,                ATT_SignalStrength.dbm =-1,ATT_SignalStrength.ecno=-1]}
04-26 19:00:10.005 D/RILJ    ( 1601): [UNSL]< UNSOL_SIGNAL_STRENGTH {14, 99, -1, -1, -1, -1, 0, -1, -1, 0, 0, 0, 0, 0}
